#
# A fatal error has been detected by the Java Runtime Environment:
#
#  Internal Error (0xc000000d), pid=2308, tid=0x00000000000015d4
#
# JRE version: Java(TM) SE Runtime Environment (8.0_121-b13) (build 1.8.0_121-b13)
# Java VM: Java HotSpot(TM) 64-Bit Server VM (25.121-b13 mixed mode windows-amd64 compressed oops)
# Problematic frame:
# C  [ntdll.dll+0xfe5ac]
#
# Failed to write core dump. Minidumps are not enabled by default on client versions of Windows
#
# If you would like to submit a bug report, please visit:
#   http://bugreport.java.com/bugreport/crash.jsp
#

---------------  T H R E A D  ---------------

Current thread (0x0000000015495800):  VMThread [stack: 0x0000000015f10000,0x0000000016010000] [id=5588]

siginfo: ExceptionCode=0xc000000d

Registers:
RAX=0x000000006c58cc1b, RBX=0x000000000167b6e0, RCX=0x00000000154972a0, RDX=0x0000000001380000
RSP=0x000000001600ebb0, RBP=0x0000000000000000, RSI=0x0000000018e76a40, RDI=0x0000000018e75d80
R8 =0x0000000000020338, R9 =0x0000000019f63940, R10=0x000000001600e780, R11=0x0000000000020338
R12=0x0000000000000000, R13=0x00000000ffffffff, R14=0x0000000018e56280, R15=0x0000000018e76a40
RIP=0x00007ff8da73e5ac, EFLAGS=0x0000000000000202

Top of Stack: (sp=0x000000001600ebb0)
0x000000001600ebb0:   0000000000000057 000000000167b6e0
0x000000001600ebc0:   0000000018e76a40 0000000018e75d80
0x000000001600ebd0:   00000000c000000d 0000000000000000
0x000000001600ebe0:   00007ff8da73e5ac 0000000000000000
0x000000001600ebf0:   0000000000000000 0000000000000000
0x000000001600ec00:   0000000000000000 0000000000000000
0x000000001600ec10:   0000000000000000 0000000000000000
0x000000001600ec20:   0000000000000000 0000000000000000
0x000000001600ec30:   0000000000000000 0000000000000000
0x000000001600ec40:   0000000000000000 0000000000000000
0x000000001600ec50:   0000000000000000 0000000000000000
0x000000001600ec60:   0000000000000000 000000001e00001e
0x000000001600ec70:   000044431b9bcb02 0000000000000000
0x000000001600ec80:   0000000000000000 00007ff8da7009fb
0x000000001600ec90:   0000000000000000 00007ff8c1e1e8db
0x000000001600eca0:   0000000000000000 0000000000000000 

Instructions: (pc=0x00007ff8da73e5ac)
0x00007ff8da73e58c:   d1 fa ff c7 44 24 20 0d 00 00 c0 b9 57 00 00 00
0x00007ff8da73e59c:   e8 df 0f f6 ff 90 48 8d 4c 24 20 e8 64 bb f4 ff
0x00007ff8da73e5ac:   eb 00 48 8b 8c 24 c0 00 00 00 48 33 cc e8 92 70
0x00007ff8da73e5bc:   f9 ff 48 81 c4 d8 00 00 00 c3 40 55 48 83 ec 20 


Register to memory mapping:

RAX=0x000000006c58cc1b is an unknown value
RBX=0x000000000167b6e0 is an unknown value
RCX=0x00000000154972a0 is an unknown value
RDX=0x0000000001380000 is an unknown value
RSP=0x000000001600ebb0 is an unknown value
RBP=0x0000000000000000 is an unknown value
RSI=0x0000000018e76a40 is an unknown value
RDI=0x0000000018e75d80 is an unknown value
R8 =0x0000000000020338 is an unknown value
R9 =0x0000000019f63940 is an unknown value
R10=0x000000001600e780 is an unknown value
R11=0x0000000000020338 is an unknown value
R12=0x0000000000000000 is an unknown value
R13=0x00000000ffffffff is an unallocated location in the heap
R14=0x0000000018e56280 is an unknown value
R15=0x0000000018e76a40 is an unknown value


Stack: [0x0000000015f10000,0x0000000016010000],  sp=0x000000001600ebb0,  free space=1018k
Native frames: (J=compiled Java code, j=interpreted, Vv=VM code, C=native code)

VM_Operation (0x000000001792d8e0): Exit, mode: safepoint, requested by thread 0x00000000170fa800


---------------  P R O C E S S  ---------------

Java Threads: ( => current thread )
  0x0000000017937800 JavaThread "Thread-3" [_thread_in_native, id=3520, stack(0x000000001a930000,0x000000001aa30000)]
  0x000000001794b800 JavaThread "Thread-2" [_thread_in_native, id=4956, stack(0x000000001a630000,0x000000001a730000)]
  0x0000000016dec800 JavaThread "TimerQueue" daemon [_thread_blocked, id=2940, stack(0x000000001a530000,0x000000001a630000)]
  0x0000000003090800 JavaThread "DestroyJavaVM" [_thread_blocked, id=4852, stack(0x0000000002f90000,0x0000000003090000)]
  0x00000000170fa800 JavaThread "AWT-EventQueue-0" [_thread_blocked, id=7020, stack(0x0000000017830000,0x0000000017930000)]
  0x0000000017086000 JavaThread "AWT-Shutdown" [_thread_blocked, id=3904, stack(0x0000000017220000,0x0000000017320000)]
  0x0000000017085000 JavaThread "Java2D Disposer" daemon [_thread_blocked, id=3944, stack(0x0000000017110000,0x0000000017210000)]
  0x0000000015537800 JavaThread "Service Thread" daemon [_thread_blocked, id=6444, stack(0x0000000016720000,0x0000000016820000)]
  0x00000000154cc000 JavaThread "C1 CompilerThread1" daemon [_thread_blocked, id=3100, stack(0x0000000016620000,0x0000000016720000)]
  0x00000000154ca000 JavaThread "C2 CompilerThread0" daemon [_thread_blocked, id=4744, stack(0x0000000016520000,0x0000000016620000)]
  0x00000000154c7800 JavaThread "Attach Listener" daemon [_thread_blocked, id=4820, stack(0x0000000016420000,0x0000000016520000)]
  0x00000000154b8800 JavaThread "Finalizer" daemon [_thread_blocked, id=3356, stack(0x0000000016110000,0x0000000016210000)]
  0x000000000317c800 JavaThread "Reference Handler" daemon [_thread_blocked, id=7440, stack(0x0000000016010000,0x0000000016110000)]

Other Threads:
=>0x0000000015495800 VMThread [stack: 0x0000000015f10000,0x0000000016010000] [id=5588]

VM state:at safepoint (shutting down)

VM Mutex/Monitor currently owned by a thread:  ([mutex/lock_event])
[0x000000000138bb00] Threads_lock - owner thread: 0x0000000015495800

Heap:
 PSYoungGen      total 311808K, used 185061K [0x00000000eb600000, 0x00000000fff00000, 0x0000000100000000)
  eden space 297984K, 57% used [0x00000000eb600000,0x00000000f5d798c0,0x00000000fd900000)
  from space 13824K, 98% used [0x00000000fd900000,0x00000000fe63feb0,0x00000000fe680000)
  to   space 19456K, 0% used [0x00000000fec00000,0x00000000fec00000,0x00000000fff00000)
 ParOldGen       total 68608K, used 45306K [0x00000000c2200000, 0x00000000c6500000, 0x00000000eb600000)
  object space 68608K, 66% used [0x00000000c2200000,0x00000000c4e3e9d8,0x00000000c6500000)
 Metaspace       used 18139K, capacity 18354K, committed 18560K, reserved 1064960K
  class space    used 2091K, capacity 2158K, committed 2176K, reserved 1048576K

Card table byte_map: [0x0000000012550000,0x0000000012740000] byte_map_base: 0x0000000011f3f000

Marking Bits: (ParMarkBitMap*) 0x000000006ccbb6d0
 Begin Bits: [0x0000000012a90000, 0x0000000013a08000)
 End Bits:   [0x0000000013a08000, 0x0000000014980000)

Polling page: 0x0000000001310000

CodeCache: size=245760Kb used=13341Kb max_used=13818Kb free=232418Kb
 bounds [0x0000000003190000, 0x0000000003f80000, 0x0000000012190000]
 total_blobs=4109 nmethods=3545 adapters=475
 compilation: enabled

Compilation events (10 events):
Event: 263.842 Thread 0x00000000154ca000 4351       4       java.awt.geom.AffineTransform::calculateType (536 bytes)
Event: 263.851 Thread 0x00000000154ca000 nmethod 4351 0x00000000036296d0 code [0x00000000036298e0, 0x0000000003629f88]
Event: 272.077 Thread 0x00000000154cc000 4352       1       java.awt.Window::adjustDecendantsOnParent (1 bytes)
Event: 272.077 Thread 0x00000000154cc000 nmethod 4352 0x0000000003ef1cd0 code [0x0000000003ef1e20, 0x0000000003ef1f30]
Event: 291.698 Thread 0x00000000154ca000 4353       4       java.awt.Toolkit$SelectiveAWTEventListener::eventDispatched (745 bytes)
Event: 291.710 Thread 0x00000000154ca000 nmethod 4353 0x000000000384df90 code [0x000000000384e100, 0x000000000384e778]
Event: 295.525 Thread 0x00000000154ca000 4354 %     4       javax.swing.plaf.basic.BasicListUI::convertLocationToRow @ 130 (186 bytes)
Event: 295.537 Thread 0x00000000154ca000 nmethod 4354% 0x0000000003e45c90 code [0x0000000003e45de0, 0x0000000003e46178]
Event: 296.191 Thread 0x00000000154ca000 4355       4       sun.java2d.SunGraphics2D::setPaint (158 bytes)
Event: 296.203 Thread 0x00000000154ca000 nmethod 4355 0x00000000035da350 code [0x00000000035da500, 0x00000000035da908]

GC Heap History (10 events):
Event: 240.167 GC heap before
{Heap before GC invocations=47 (full 2):
 PSYoungGen      total 316416K, used 311054K [0x00000000eb600000, 0x00000000fff00000, 0x0000000100000000)
  eden space 295936K, 100% used [0x00000000eb600000,0x00000000fd700000,0x00000000fd700000)
  from space 20480K, 73% used [0x00000000feb00000,0x00000000ff9c3a70,0x00000000fff00000)
  to   space 20480K, 0% used [0x00000000fd700000,0x00000000fd700000,0x00000000feb00000)
 ParOldGen       total 68608K, used 39662K [0x00000000c2200000, 0x00000000c6500000, 0x00000000eb600000)
  object space 68608K, 57% used [0x00000000c2200000,0x00000000c48bb958,0x00000000c6500000)
 Metaspace       used 18101K, capacity 18290K, committed 18560K, reserved 1064960K
  class space    used 2087K, capacity 2158K, committed 2176K, reserved 1048576K
Event: 240.261 GC heap after
Heap after GC invocations=47 (full 2):
 PSYoungGen      total 316416K, used 15005K [0x00000000eb600000, 0x00000000fff00000, 0x0000000100000000)
  eden space 295936K, 0% used [0x00000000eb600000,0x00000000eb600000,0x00000000fd700000)
  from space 20480K, 73% used [0x00000000fd700000,0x00000000fe5a77a8,0x00000000feb00000)
  to   space 19968K, 0% used [0x00000000feb80000,0x00000000feb80000,0x00000000fff00000)
 ParOldGen       total 68608K, used 40659K [0x00000000c2200000, 0x00000000c6500000, 0x00000000eb600000)
  object space 68608K, 59% used [0x00000000c2200000,0x00000000c49b4ff0,0x00000000c6500000)
 Metaspace       used 18101K, capacity 18290K, committed 18560K, reserved 1064960K
  class space    used 2087K, capacity 2158K, committed 2176K, reserved 1048576K
}
Event: 249.811 GC heap before
{Heap before GC invocations=48 (full 2):
 PSYoungGen      total 316416K, used 310941K [0x00000000eb600000, 0x00000000fff00000, 0x0000000100000000)
  eden space 295936K, 100% used [0x00000000eb600000,0x00000000fd700000,0x00000000fd700000)
  from space 20480K, 73% used [0x00000000fd700000,0x00000000fe5a77a8,0x00000000feb00000)
  to   space 19968K, 0% used [0x00000000feb80000,0x00000000feb80000,0x00000000fff00000)
 ParOldGen       total 68608K, used 40659K [0x00000000c2200000, 0x00000000c6500000, 0x00000000eb600000)
  object space 68608K, 59% used [0x00000000c2200000,0x00000000c49b4ff0,0x00000000c6500000)
 Metaspace       used 18101K, capacity 18290K, committed 18560K, reserved 1064960K
  class space    used 2087K, capacity 2158K, committed 2176K, reserved 1048576K
Event: 249.901 GC heap after
Heap after GC invocations=48 (full 2):
 PSYoungGen      total 316928K, used 15157K [0x00000000eb600000, 0x00000000ffe80000, 0x0000000100000000)
  eden space 297472K, 0% used [0x00000000eb600000,0x00000000eb600000,0x00000000fd880000)
  from space 19456K, 77% used [0x00000000feb80000,0x00000000ffa4d588,0x00000000ffe80000)
  to   space 19456K, 0% used [0x00000000fd880000,0x00000000fd880000,0x00000000feb80000)
 ParOldGen       total 68608K, used 41935K [0x00000000c2200000, 0x00000000c6500000, 0x00000000eb600000)
  object space 68608K, 61% used [0x00000000c2200000,0x00000000c4af3e50,0x00000000c6500000)
 Metaspace       used 18101K, capacity 18290K, committed 18560K, reserved 1064960K
  class space    used 2087K, capacity 2158K, committed 2176K, reserved 1048576K
}
Event: 261.432 GC heap before
{Heap before GC invocations=49 (full 2):
 PSYoungGen      total 316928K, used 312629K [0x00000000eb600000, 0x00000000ffe80000, 0x0000000100000000)
  eden space 297472K, 100% used [0x00000000eb600000,0x00000000fd880000,0x00000000fd880000)
  from space 19456K, 77% used [0x00000000feb80000,0x00000000ffa4d588,0x00000000ffe80000)
  to   space 19456K, 0% used [0x00000000fd880000,0x00000000fd880000,0x00000000feb80000)
 ParOldGen       total 68608K, used 41935K [0x00000000c2200000, 0x00000000c6500000, 0x00000000eb600000)
  object space 68608K, 61% used [0x00000000c2200000,0x00000000c4af3e50,0x00000000c6500000)
 Metaspace       used 18101K, capacity 18290K, committed 18560K, reserved 1064960K
  class space    used 2087K, capacity 2158K, committed 2176K, reserved 1048576K
Event: 261.550 GC heap after
Heap after GC invocations=49 (full 2):
 PSYoungGen      total 316928K, used 17549K [0x00000000eb600000, 0x0000000100000000, 0x0000000100000000)
  eden space 297472K, 0% used [0x00000000eb600000,0x00000000eb600000,0x00000000fd880000)
  from space 19456K, 90% used [0x00000000fd880000,0x00000000fe9a3460,0x00000000feb80000)
  to   space 19968K, 0% used [0x00000000fec80000,0x00000000fec80000,0x0000000100000000)
 ParOldGen       total 68608K, used 42943K [0x00000000c2200000, 0x00000000c6500000, 0x00000000eb600000)
  object space 68608K, 62% used [0x00000000c2200000,0x00000000c4befe50,0x00000000c6500000)
 Metaspace       used 18101K, capacity 18290K, committed 18560K, reserved 1064960K
  class space    used 2087K, capacity 2158K, committed 2176K, reserved 1048576K
}
Event: 273.803 GC heap before
{Heap before GC invocations=50 (full 2):
 PSYoungGen      total 316928K, used 314723K [0x00000000eb600000, 0x0000000100000000, 0x0000000100000000)
  eden space 297472K, 99% used [0x00000000eb600000,0x00000000fd835b20,0x00000000fd880000)
  from space 19456K, 90% used [0x00000000fd880000,0x00000000fe9a3460,0x00000000feb80000)
  to   space 19968K, 0% used [0x00000000fec80000,0x00000000fec80000,0x0000000100000000)
 ParOldGen       total 68608K, used 42943K [0x00000000c2200000, 0x00000000c6500000, 0x00000000eb600000)
  object space 68608K, 62% used [0x00000000c2200000,0x00000000c4befe50,0x00000000c6500000)
 Metaspace       used 18101K, capacity 18290K, committed 18560K, reserved 1064960K
  class space    used 2087K, capacity 2158K, committed 2176K, reserved 1048576K
Event: 273.892 GC heap after
Heap after GC invocations=50 (full 2):
 PSYoungGen      total 317952K, used 14076K [0x00000000eb600000, 0x0000000100000000, 0x0000000100000000)
  eden space 297984K, 0% used [0x00000000eb600000,0x00000000eb600000,0x00000000fd900000)
  from space 19968K, 70% used [0x00000000fec80000,0x00000000ffa3f2c0,0x0000000100000000)
  to   space 19968K, 0% used [0x00000000fd900000,0x00000000fd900000,0x00000000fec80000)
 ParOldGen       total 68608K, used 43967K [0x00000000c2200000, 0x00000000c6500000, 0x00000000eb600000)
  object space 68608K, 64% used [0x00000000c2200000,0x00000000c4cefe50,0x00000000c6500000)
 Metaspace       used 18101K, capacity 18290K, committed 18560K, reserved 1064960K
  class space    used 2087K, capacity 2158K, committed 2176K, reserved 1048576K
}
Event: 288.081 GC heap before
{Heap before GC invocations=51 (full 2):
 PSYoungGen      total 317952K, used 312060K [0x00000000eb600000, 0x0000000100000000, 0x0000000100000000)
  eden space 297984K, 100% used [0x00000000eb600000,0x00000000fd900000,0x00000000fd900000)
  from space 19968K, 70% used [0x00000000fec80000,0x00000000ffa3f2c0,0x0000000100000000)
  to   space 19968K, 0% used [0x00000000fd900000,0x00000000fd900000,0x00000000fec80000)
 ParOldGen       total 68608K, used 43980K [0x00000000c2200000, 0x00000000c6500000, 0x00000000eb600000)
  object space 68608K, 64% used [0x00000000c2200000,0x00000000c4cf3288,0x00000000c6500000)
 Metaspace       used 18101K, capacity 18290K, committed 18560K, reserved 1064960K
  class space    used 2087K, capacity 2158K, committed 2176K, reserved 1048576K
Event: 288.164 GC heap after
Heap after GC invocations=51 (full 2):
 PSYoungGen      total 311808K, used 13567K [0x00000000eb600000, 0x00000000fff00000, 0x0000000100000000)
  eden space 297984K, 0% used [0x00000000eb600000,0x00000000eb600000,0x00000000fd900000)
  from space 13824K, 98% used [0x00000000fd900000,0x00000000fe63feb0,0x00000000fe680000)
  to   space 19456K, 0% used [0x00000000fec00000,0x00000000fec00000,0x00000000fff00000)
 ParOldGen       total 68608K, used 45306K [0x00000000c2200000, 0x00000000c6500000, 0x00000000eb600000)
  object space 68608K, 66% used [0x00000000c2200000,0x00000000c4e3e9d8,0x00000000c6500000)
 Metaspace       used 18101K, capacity 18290K, committed 18560K, reserved 1064960K
  class space    used 2087K, capacity 2158K, committed 2176K, reserved 1048576K
}

Deoptimization events (10 events):
Event: 209.616 Thread 0x00000000170fa800 Uncommon trap: reason=unstable_if action=reinterpret pc=0x00000000037a5398 method=java.awt.geom.AffineTransform.updateState()V @ 148
Event: 209.616 Thread 0x00000000170fa800 Uncommon trap: reason=unstable_if action=reinterpret pc=0x00000000038d4198 method=java.awt.geom.AffineTransform.translate(DD)V @ 249
Event: 209.617 Thread 0x00000000170fa800 Uncommon trap: reason=unstable_if action=reinterpret pc=0x0000000003c3b4fc method=java.awt.geom.AffineTransform.updateState()V @ 42
Event: 209.617 Thread 0x00000000170fa800 Uncommon trap: reason=unstable_if action=reinterpret pc=0x000000000386fb54 method=javax.swing.plaf.synth.SynthScrollBarUI.getComponentState(Ljavax/swing/JComponent;Ljavax/swing/plaf/synth/Region;)I @ 11
Event: 209.620 Thread 0x00000000170fa800 Uncommon trap: reason=bimorphic action=maybe_recompile pc=0x00000000033d1820 method=java.awt.Component.processEvent(Ljava/awt/AWTEvent;)V @ 92
Event: 209.629 Thread 0x00000000170fa800 Uncommon trap: reason=bimorphic action=maybe_recompile pc=0x00000000033d1820 method=java.awt.Component.processEvent(Ljava/awt/AWTEvent;)V @ 92
Event: 210.155 Thread 0x00000000170fa800 Uncommon trap: reason=unstable_if action=reinterpret pc=0x0000000003c3daac method=java.awt.geom.AffineTransform.updateState()V @ 42
Event: 212.964 Thread 0x00000000170fa800 Uncommon trap: reason=unstable_if action=reinterpret pc=0x0000000003cfefc4 method=javax.swing.SwingUtilities.computeIntersection(IIIILjava/awt/Rectangle;)Ljava/awt/Rectangle; @ 159
Event: 219.846 Thread 0x000000001794b800 Uncommon trap: reason=unstable_if action=reinterpret pc=0x00000000037f8e3c method=proyecto_final.Modulo_MBCP.Mensaje_MBCP.equals(Ljava/lang/Object;)Z @ 35
Event: 374.727 Thread 0x00000000170fa800 Uncommon trap: reason=class_check action=maybe_recompile pc=0x0000000003c3eec8 method=java.util.HashSet.iterator()Ljava/util/Iterator; @ 4

Internal exceptions (10 events):
Event: 1.020 Thread 0x0000000003090800 Exception <a 'java/lang/ClassNotFoundException': RootPane> (0x00000000eba5a190) thrown at [C:\re\workspace\8-2-build-windows-amd64-cygwin\jdk8u121\8372\hotspot\src\share\vm\classfile\systemDictionary.cpp, line 210]
Event: 34.981 Thread 0x00000000170fa800 Implicit null exception at 0x000000000360dfd6 to 0x000000000361183d
Event: 65.737 Thread 0x0000000016e46800 Exception <a 'java/lang/NoSuchMethodError': <clinit>> (0x00000000eb662c40) thrown at [C:\re\workspace\8-2-build-windows-amd64-cygwin\jdk8u121\8372\hotspot\src\share\vm\prims\jni.cpp, line 1613]
Event: 65.744 Thread 0x0000000016e46800 Exception <a 'java/lang/NoSuchMethodError': <clinit>> (0x00000000eb66f7f0) thrown at [C:\re\workspace\8-2-build-windows-amd64-cygwin\jdk8u121\8372\hotspot\src\share\vm\prims\jni.cpp, line 1613]
Event: 65.750 Thread 0x0000000016e46800 Exception <a 'java/lang/NoSuchMethodError': <clinit>> (0x00000000eb677d20) thrown at [C:\re\workspace\8-2-build-windows-amd64-cygwin\jdk8u121\8372\hotspot\src\share\vm\prims\jni.cpp, line 1613]
Event: 74.098 Thread 0x000000001794b800 Implicit null exception at 0x000000000389e4a6 to 0x000000000389efe9
Event: 77.578 Thread 0x00000000170fa800 Implicit null exception at 0x0000000003b5d1b3 to 0x0000000003b5df11
Event: 114.732 Thread 0x00000000170fa800 Implicit null exception at 0x0000000003c47e76 to 0x0000000003c4c189
Event: 124.903 Thread 0x00000000170fa800 Implicit null exception at 0x0000000003c6f034 to 0x0000000003c701a4
Event: 199.582 Thread 0x0000000017937800 Implicit null exception at 0x0000000003f35198 to 0x0000000003f38b19

Events (10 events):
Event: 374.644 Thread 0x0000000017cd8800 Thread exited: 0x0000000017cd8800
Event: 374.684 Thread 0x000000001708a000 Thread exited: 0x000000001708a000
Event: 374.726 Thread 0x0000000016f1b800 Thread exited: 0x0000000016f1b800
Event: 374.726 Executing VM operation: RevokeBias
Event: 374.727 Executing VM operation: RevokeBias done
Event: 374.727 Thread 0x00000000170fa800 Uncommon trap: trap_request=0xffffffde fr.pc=0x0000000003c3eec8
Event: 374.727 Thread 0x00000000170fa800 DEOPT PACKING pc=0x0000000003c3eec8 sp=0x000000001792d760
Event: 374.727 Thread 0x00000000170fa800 DEOPT UNPACKING pc=0x00000000031d582a sp=0x000000001792d718 mode 2
Event: 374.741 Thread 0x00000000154c4000 Thread exited: 0x00000000154c4000
Event: 374.741 Executing VM operation: Exit


Dynamic libraries:
0x00007ff6012b0000 - 0x00007ff6012e7000 	C:\Program Files\Java\jdk1.8.0_121\bin\java.exe
0x00007ff8da640000 - 0x00007ff8da811000 	C:\Windows\SYSTEM32\ntdll.dll
0x00007ff8da410000 - 0x00007ff8da4bb000 	C:\Windows\System32\KERNEL32.DLL
0x00007ff8d6d60000 - 0x00007ff8d6f7d000 	C:\Windows\System32\KERNELBASE.dll
0x00007ff8d9790000 - 0x00007ff8d9832000 	C:\Windows\System32\ADVAPI32.dll
0x00007ff8da370000 - 0x00007ff8da40e000 	C:\Windows\System32\msvcrt.dll
0x00007ff8d9860000 - 0x00007ff8d98b9000 	C:\Windows\System32\sechost.dll
0x00007ff8d9650000 - 0x00007ff8d9771000 	C:\Windows\System32\RPCRT4.dll
0x00007ff8da4c0000 - 0x00007ff8da625000 	C:\Windows\System32\USER32.dll
0x00007ff8d7200000 - 0x00007ff8d721e000 	C:\Windows\System32\win32u.dll
0x00007ff8d8040000 - 0x00007ff8d8074000 	C:\Windows\System32\GDI32.dll
0x00007ff8d6bd0000 - 0x00007ff8d6d52000 	C:\Windows\System32\gdi32full.dll
0x00007ff8d1fe0000 - 0x00007ff8d2259000 	C:\Windows\WinSxS\amd64_microsoft.windows.common-controls_6595b64144ccf1df_6.0.14393.0_none_2d0f50fcbdb171b8\COMCTL32.dll
0x00007ff8d7d10000 - 0x00007ff8d7fd7000 	C:\Windows\System32\combase.dll
0x00007ff8d7ad0000 - 0x00007ff8d7bc5000 	C:\Windows\System32\ucrtbase.dll
0x00007ff8d7220000 - 0x00007ff8d728a000 	C:\Windows\System32\bcryptPrimitives.dll
0x00007ff8d7bd0000 - 0x00007ff8d7bfe000 	C:\Windows\System32\IMM32.DLL
0x000000006c3c0000 - 0x000000006c492000 	C:\Program Files\Java\jdk1.8.0_121\jre\bin\msvcr100.dll
0x000000006c4a0000 - 0x000000006cd3b000 	C:\Program Files\Java\jdk1.8.0_121\jre\bin\server\jvm.dll
0x00007ff8da630000 - 0x00007ff8da638000 	C:\Windows\System32\PSAPI.DLL
0x00007ff8d4c30000 - 0x00007ff8d4c39000 	C:\Windows\SYSTEM32\WSOCK32.dll
0x00007ff8d46f0000 - 0x00007ff8d4713000 	C:\Windows\SYSTEM32\WINMM.dll
0x00007ff8d9bd0000 - 0x00007ff8d9c3a000 	C:\Windows\System32\WS2_32.dll
0x00007ff8cac80000 - 0x00007ff8cac8a000 	C:\Windows\SYSTEM32\VERSION.dll
0x00007ff8d3ba0000 - 0x00007ff8d3bcb000 	C:\Windows\SYSTEM32\winmmbase.dll
0x00007ff8d7290000 - 0x00007ff8d72d2000 	C:\Windows\System32\cfgmgr32.dll
0x000000006c370000 - 0x000000006c37f000 	C:\Program Files\Java\jdk1.8.0_121\jre\bin\verify.dll
0x000000006c340000 - 0x000000006c369000 	C:\Program Files\Java\jdk1.8.0_121\jre\bin\java.dll
0x000000006c320000 - 0x000000006c336000 	C:\Program Files\Java\jdk1.8.0_121\jre\bin\zip.dll
0x00007ff8d8080000 - 0x00007ff8d9588000 	C:\Windows\System32\SHELL32.dll
0x00007ff8d7390000 - 0x00007ff8d7a6a000 	C:\Windows\System32\windows.storage.dll
0x00007ff8d6b50000 - 0x00007ff8d6b9c000 	C:\Windows\System32\powrprof.dll
0x00007ff8d9590000 - 0x00007ff8d95e2000 	C:\Windows\System32\shlwapi.dll
0x00007ff8d6ba0000 - 0x00007ff8d6baf000 	C:\Windows\System32\kernel.appcore.dll
0x00007ff8d72e0000 - 0x00007ff8d7389000 	C:\Windows\System32\shcore.dll
0x00007ff8d6bb0000 - 0x00007ff8d6bc4000 	C:\Windows\System32\profapi.dll
0x000000006c140000 - 0x000000006c2d8000 	C:\Program Files\Java\jdk1.8.0_121\jre\bin\awt.dll
0x00007ff8da2b0000 - 0x00007ff8da36c000 	C:\Windows\System32\OLEAUT32.dll
0x00007ff8d5300000 - 0x00007ff8d537a000 	C:\Windows\SYSTEM32\apphelp.dll
0x00007ff8d4b60000 - 0x00007ff8d4b86000 	C:\Windows\system32\DWMAPI.DLL
0x00007ff8d56a0000 - 0x00007ff8d5735000 	C:\Windows\system32\uxtheme.dll
0x00007ff8c3680000 - 0x00007ff8c37a3000 	C:\Windows\system32\opengl32.dll
0x00007ff8c1ee0000 - 0x00007ff8c1fd7000 	C:\Windows\SYSTEM32\DDRAW.dll
0x00007ff8cbcd0000 - 0x00007ff8cbcfd000 	C:\Windows\SYSTEM32\GLU32.dll
0x00007ff8d08d0000 - 0x00007ff8d08d8000 	C:\Windows\SYSTEM32\DCIMAN32.dll
0x00007ff8d9a70000 - 0x00007ff8d9bcb000 	C:\Windows\System32\MSCTF.dll
0x00007ff8b8b70000 - 0x00007ff8b8c08000 	C:\Program Files\Common Files\microsoft shared\ink\tiptsf.dll
0x00007ff8da170000 - 0x00007ff8da2a7000 	C:\Windows\System32\ole32.dll
0x000000006c0f0000 - 0x000000006c137000 	C:\Program Files\Java\jdk1.8.0_121\jre\bin\fontmanager.dll
0x00007ff8d7c00000 - 0x00007ff8d7c9f000 	C:\Windows\System32\clbcatq.dll
0x00007ff8d49b0000 - 0x00007ff8d4b58000 	C:\Windows\SYSTEM32\WindowsCodecs.dll
0x00007ff8d1f90000 - 0x00007ff8d1fd9000 	C:\Windows\system32\dataexchange.dll
0x00007ff8d3330000 - 0x00007ff8d35e6000 	C:\Windows\system32\d3d11.dll
0x00007ff8d4e80000 - 0x00007ff8d4fd1000 	C:\Windows\system32\dcomp.dll
0x00007ff8d5ad0000 - 0x00007ff8d5b6f000 	C:\Windows\system32\dxgi.dll
0x00007ff8d3bd0000 - 0x00007ff8d3cec000 	C:\Windows\system32\twinapi.appcore.dll
0x00007ff8d6a80000 - 0x00007ff8d6aab000 	C:\Windows\system32\bcrypt.dll
0x000000006c300000 - 0x000000006c31a000 	C:\Program Files\Java\jdk1.8.0_121\jre\bin\net.dll
0x00007ff8d6410000 - 0x00007ff8d646c000 	C:\Windows\system32\mswsock.dll
0x000000006c2e0000 - 0x000000006c2f1000 	C:\Program Files\Java\jdk1.8.0_121\jre\bin\nio.dll
0x000000006c0a0000 - 0x000000006c0e2000 	C:\Program Files\Java\jdk1.8.0_121\jre\bin\t2k.dll
0x00007ff8b89c0000 - 0x00007ff8b8b6b000 	C:\Windows\System32\uiautomationcore.dll
0x00007ff8d62a0000 - 0x00007ff8d62bf000 	C:\Windows\System32\USERENV.dll
0x000000006c060000 - 0x000000006c08a000 	C:\Program Files\Java\jdk1.8.0_121\jre\bin\dcpr.dll
0x00007ff8d6980000 - 0x00007ff8d6a18000 	C:\Windows\SYSTEM32\sxs.dll
0x00007ff8c6c90000 - 0x00007ff8c6cf5000 	C:\Windows\System32\OLEACC.dll
0x00007ff8cb3b0000 - 0x00007ff8cb42d000 	C:\Windows\SYSTEM32\twinapi.dll
0x00007ff8d19f0000 - 0x00007ff8d1a4e000 	C:\Windows\system32\Ninput.dll
0x000000006bf40000 - 0x000000006c011000 	C:\Users\Wendy\AppData\Local\Temp\javacpp11505627798101\msvcr100.dll
0x000000006bea0000 - 0x000000006bf38000 	C:\Users\Wendy\AppData\Local\Temp\javacpp11505627798101\msvcp100.dll
0x0000000066840000 - 0x00000000676b4000 	C:\Users\Wendy\AppData\Local\Temp\javacpp11505627798101\opencv_ffmpeg248_64.dll
0x00007ff8bf500000 - 0x00007ff8bf772000 	C:\Users\Wendy\AppData\Local\Temp\javacpp11505627798101\opencv_core248.dll
0x00007ff8beed0000 - 0x00007ff8bf182000 	C:\Users\Wendy\AppData\Local\Temp\javacpp11505627798101\opencv_imgproc248.dll
0x00007ff8bec80000 - 0x00007ff8beecd000 	C:\Users\Wendy\AppData\Local\Temp\javacpp11505627798101\opencv_highgui248.dll
0x00007ff8d4370000 - 0x00007ff8d4390000 	C:\Windows\SYSTEM32\AVIFIL32.dll
0x00007ff8d4340000 - 0x00007ff8d4369000 	C:\Windows\SYSTEM32\MSVFW32.dll
0x00007ff8d3dd0000 - 0x00007ff8d3de8000 	C:\Windows\SYSTEM32\AVICAP32.dll
0x00007ff8d1870000 - 0x00007ff8d188c000 	C:\Windows\SYSTEM32\MSACM32.dll
0x00007ff8d3d30000 - 0x00007ff8d3d43000 	C:\Users\Wendy\AppData\Local\Temp\javacpp11505627798101\jniopencv_highgui.dll
0x00007ff8d3790000 - 0x00007ff8d37a8000 	C:\Windows\System32\devenum.dll
0x00007ff8d9c40000 - 0x00007ff8da069000 	C:\Windows\System32\setupapi.dll
0x00007ff8d5ef0000 - 0x00007ff8d5f22000 	C:\Windows\SYSTEM32\ntmarta.dll
0x00007ff8d5740000 - 0x00007ff8d5768000 	C:\Windows\SYSTEM32\DEVOBJ.dll
0x00007ff8d7a70000 - 0x00007ff8d7ac5000 	C:\Windows\System32\WINTRUST.dll
0x00007ff8d6b40000 - 0x00007ff8d6b50000 	C:\Windows\System32\MSASN1.dll
0x00007ff8d6f80000 - 0x00007ff8d7148000 	C:\Windows\System32\CRYPT32.dll
0x00007ff8d1860000 - 0x00007ff8d186a000 	C:\Windows\SYSTEM32\msdmo.dll
0x00007ff8d08f0000 - 0x00007ff8d0923000 	C:\Windows\System32\qcap.dll
0x00007ff8c5ee0000 - 0x00007ff8c60a3000 	C:\Windows\System32\quartz.dll
0x00007ff8cddf0000 - 0x00007ff8cde38000 	C:\Windows\System32\mfksproxy.dll
0x00007ff8cd2d0000 - 0x00007ff8cd2ec000 	C:\Windows\System32\ATL.DLL
0x00007ff8b8270000 - 0x00007ff8b83d8000 	C:\Windows\System32\MFPlat.DLL
0x00007ff8d42d0000 - 0x00007ff8d42fe000 	C:\Windows\System32\RTWorkQ.DLL
0x00007ff8b63f0000 - 0x00007ff8b67db000 	C:\Windows\System32\MFCORE.dll
0x00007ff8d3e50000 - 0x00007ff8d3e59000 	C:\Windows\System32\ksuser.dll
0x00007ff8d65b0000 - 0x00007ff8d65bb000 	C:\Windows\System32\CRYPTBASE.DLL
0x00007ff8cb1f0000 - 0x00007ff8cb242000 	C:\Windows\System32\FSClient.dll
0x00007ff8b4bb0000 - 0x00007ff8b4bfd000 	C:\Windows\System32\MFSENSORGROUP.dll
0x00007ff8d4bb0000 - 0x00007ff8d4bbb000 	C:\Windows\System32\AVRT.dll
0x00007ff8d3d20000 - 0x00007ff8d3d2d000 	C:\Windows\System32\vidcap.ax
0x00007ff8cf680000 - 0x00007ff8cf6a5000 	C:\Windows\System32\kswdmcap.ax
0x00007ff8c3ba0000 - 0x00007ff8c3d03000 	C:\Windows\System32\MFC42.dll
0x00007ff8c6fb0000 - 0x00007ff8c705f000 	C:\Windows\System32\ODBC32.dll
0x00007ff8d6060000 - 0x00007ff8d606a000 	C:\Windows\System32\DPAPI.dll
0x00007ff8d0c40000 - 0x00007ff8d0c83000 	C:\Windows\SYSTEM32\policymanager.dll
0x00007ff8d4650000 - 0x00007ff8d46e1000 	C:\Windows\System32\msvcp110_win.dll
0x00007ff8c1e00000 - 0x00007ff8c1ed4000 	C:\Windows\System32\MFReadWrite.dll
0x00007ff8c5980000 - 0x00007ff8c5a23000 	C:\Windows\System32\qedit.dll
0x00007ff8da070000 - 0x00007ff8da16a000 	C:\Windows\System32\COMDLG32.dll
0x00007ff8c7060000 - 0x00007ff8c71f9000 	C:\Windows\WinSxS\amd64_microsoft.windows.gdiplus_6595b64144ccf1df_1.1.14393.0_none_acd6c01ad1498de0\gdiplus.dll
0x00007ff8d3780000 - 0x00007ff8d378c000 	C:\Windows\SYSTEM32\msyuv.dll
0x00007ff8c4270000 - 0x00007ff8c430a000 	C:\Users\Wendy\AppData\Local\Temp\javacpp11505627798101\jniopencv_core.dll
0x00007ff8d65c0000 - 0x00007ff8d65d7000 	C:\Windows\SYSTEM32\CRYPTSP.dll
0x00007ff8d6020000 - 0x00007ff8d6053000 	C:\Windows\system32\rsaenh.dll
0x00007ff8d61a0000 - 0x00007ff8d61d8000 	C:\Windows\SYSTEM32\IPHLPAPI.DLL
0x00007ff8d9a60000 - 0x00007ff8d9a68000 	C:\Windows\System32\NSI.dll
0x00007ff8d0150000 - 0x00007ff8d0166000 	C:\Windows\SYSTEM32\dhcpcsvc6.DLL
0x00007ff8d1070000 - 0x00007ff8d108a000 	C:\Windows\SYSTEM32\dhcpcsvc.DLL
0x000000006be60000 - 0x000000006be91000 	C:\Program Files\Java\jdk1.8.0_121\jre\bin\jpeg.dll
0x00007ff8d24a0000 - 0x00007ff8d2632000 	C:\Windows\SYSTEM32\dbghelp.dll

VM Arguments:
jvm_args: -Dfile.encoding=UTF-8 
java_command: proyecto_final.Proyecto_Final
java_class_path (initial): C:\Users\Wendy\Desktop\ffmpeg-2.1.1-windows-x86.jar;C:\Users\Wendy\Desktop\ffmpeg-2.1.1-windows-x86_64.jar;C:\Users\Wendy\Desktop\javacpp.jar;C:\Users\Wendy\Desktop\javacv-windows-x86.jar;C:\Users\Wendy\Desktop\javacv-windows-x86_64.jar;C:\Users\Wendy\Desktop\javacv.jar;C:\Users\Wendy\Desktop\opencv-2.4.8-windows-x86.jar;C:\Users\Wendy\Desktop\opencv-2.4.8-windows-x86_64.jar;C:\Users\Wendy\Desktop\Proyecto_Final\build\classes
Launcher Type: SUN_STANDARD

Environment Variables:
PATH=C:\ProgramData\Oracle\Java\javapath;C:\Windows\system32;C:\Windows;C:\Windows\System32\Wbem;C:\Windows\System32\WindowsPowerShell\v1.0\;C:\Users\Wendy\AppData\Local\Microsoft\WindowsApps;
USERNAME=Wendy
OS=Windows_NT
PROCESSOR_IDENTIFIER=Intel64 Family 6 Model 76 Stepping 3, GenuineIntel



---------------  S Y S T E M  ---------------

OS: Windows 10.0 , 64 bit Build 14393 (10.0.14393.0)

CPU:total 2 (2 cores per cpu, 1 threads per core) family 6 model 76 stepping 3, cmov, cx8, fxsr, mmx, sse, sse2, sse3, ssse3, sse4.1, sse4.2, popcnt, aes, clmul, erms, 3dnowpref, tsc, tscinvbit

Memory: 4k page, physical 4048184k(1572848k free), swap 5489976k(2100068k free)

vm_info: Java HotSpot(TM) 64-Bit Server VM (25.121-b13) for windows-amd64 JRE (1.8.0_121-b13), built on Dec 12 2016 18:21:36 by "java_re" with MS VC++ 10.0 (VS2010)

time: Sat Apr 15 07:43:34 2017
elapsed time: 375 seconds (0d 0h 6m 15s)

