#
# A fatal error has been detected by the Java Runtime Environment:
#
#  EXCEPTION_ACCESS_VIOLATION (0xc0000005) at pc=0x00007ff8d6d77788, pid=2500, tid=0x0000000000000678
#
# JRE version: Java(TM) SE Runtime Environment (8.0_121-b13) (build 1.8.0_121-b13)
# Java VM: Java HotSpot(TM) 64-Bit Server VM (25.121-b13 mixed mode windows-amd64 compressed oops)
# Problematic frame:
# C  [KERNELBASE.dll+0x17788]
#
# Failed to write core dump. Minidumps are not enabled by default on client versions of Windows
#
# If you would like to submit a bug report, please visit:
#   http://bugreport.java.com/bugreport/crash.jsp
# The crash happened outside the Java Virtual Machine in native code.
# See problematic frame for where to report the bug.
#

---------------  T H R E A D  ---------------

Current thread (0x00000000194cc000):  JavaThread "Thread-7" [_thread_in_native, id=1656, stack(0x000000001b9d0000,0x000000001bad0000)]

siginfo: ExceptionCode=0xc0000005, reading address 0x0000000000000000

Registers:
RAX=0x0000000000000020, RBX=0x000000001bacead0, RCX=0x000000001bacca14, RDX=0x00007ff8da6477fb
RSP=0x000000001baccd30, RBP=0x000000001bacd3d0, RSI=0x000000001bacefc0, RDI=0x000000001bacdb30
R8 =0x000000001baccbc0, R9 =0x0000000000000000, R10=0x0000000000000000, R11=0x0000000000000000
R12=0x000000001bace188, R13=0x0000000000000000, R14=0x000000001bacce80, R15=0x00007ff8be694c20
RIP=0x00007ff8d6d77788, EFLAGS=0x0000000000000202

Top of Stack: (sp=0x000000001baccd30)
0x000000001baccd30:   0000000000000000 000000001bacead0
0x000000001baccd40:   000000001bacefc0 000000001bacdb30
0x000000001baccd50:   00000000c0000005 0000000000000000
0x000000001baccd60:   00007ff8d6d77788 0000000000000002
0x000000001baccd70:   0000000000000000 0000000000000000
0x000000001baccd80:   0000000019930520 0000000000000000
0x000000001baccd90:   000078323699ff13 0000000000000000
0x000000001baccda0:   000000001bacf230 000000006c3e20da
0x000000001baccdb0:   0000000000000000 000000001bacead0
0x000000001baccdc0:   000000001bacdb30 00007ff8d7da351a
0x000000001baccdd0:   000000001bacdb30 000000006c3e20fb
0x000000001baccde0:   000000001bacead0 000000001bacf230
0x000000001baccdf0:   0000cef3fc9430b9 000000001bacd148
0x000000001bacce00:   000000001bacead0 000000006c4204d6
0x000000001bacce10:   00007ff8be694c20 000000001bace188
0x000000001bacce20:   0000000000000100 00000000012f514c 

Instructions: (pc=0x00007ff8d6d77788)
0x00007ff8d6d77768:   49 8b d1 44 0f 47 c0 44 89 44 24 38 49 c1 e0 03
0x00007ff8d6d77778:   e8 27 53 06 00 48 8d 4c 24 20 ff 15 70 08 13 00
0x00007ff8d6d77788:   48 8b 8c 24 c0 00 00 00 48 33 cc e8 b8 18 06 00
0x00007ff8d6d77798:   48 81 c4 d8 00 00 00 c3 83 64 24 38 00 eb d6 cc 


Register to memory mapping:

RAX=0x0000000000000020 is an unknown value
RBX=0x000000001bacead0 is pointing into the stack for thread: 0x00000000194cc000
RCX=0x000000001bacca14 is pointing into the stack for thread: 0x00000000194cc000
RDX=0x00007ff8da6477fb is an unknown value
RSP=0x000000001baccd30 is pointing into the stack for thread: 0x00000000194cc000
RBP=0x000000001bacd3d0 is pointing into the stack for thread: 0x00000000194cc000
RSI=0x000000001bacefc0 is pointing into the stack for thread: 0x00000000194cc000
RDI=0x000000001bacdb30 is pointing into the stack for thread: 0x00000000194cc000
R8 =0x000000001baccbc0 is pointing into the stack for thread: 0x00000000194cc000
R9 =0x0000000000000000 is an unknown value
R10=0x0000000000000000 is an unknown value
R11=0x0000000000000000 is an unknown value
R12=0x000000001bace188 is pointing into the stack for thread: 0x00000000194cc000
R13=0x0000000000000000 is an unknown value
R14=0x000000001bacce80 is pointing into the stack for thread: 0x00000000194cc000
R15=0x00007ff8be694c20 is an unknown value


Stack: [0x000000001b9d0000,0x000000001bad0000],  sp=0x000000001baccd30,  free space=1011k
Native frames: (J=compiled Java code, j=interpreted, Vv=VM code, C=native code)
C  [KERNELBASE.dll+0x17788]

Java frames: (J=compiled Java code, j=interpreted, Vv=VM code)
j  com.googlecode.javacv.cpp.opencv_highgui.cvCreateCameraCapture(I)Lcom/googlecode/javacv/cpp/opencv_highgui$CvCapture;+0
j  proyecto_final.Vista_Proceso$11.run()V+1
v  ~StubRoutines::call_stub

---------------  P R O C E S S  ---------------

Java Threads: ( => current thread )
  0x00000000194c7800 JavaThread "Thread-11" [_thread_in_native, id=6404, stack(0x000000001c2d0000,0x000000001c3d0000)]
  0x00000000194c9000 JavaThread "Thread-10" [_thread_in_native, id=7432, stack(0x000000001c1d0000,0x000000001c2d0000)]
  0x00000000194c9800 JavaThread "Thread-9" [_thread_blocked, id=6056, stack(0x000000001c0d0000,0x000000001c1d0000)]
  0x00000000194cc800 JavaThread "Thread-8" [_thread_in_native, id=7152, stack(0x000000001bfd0000,0x000000001c0d0000)]
=>0x00000000194cc000 JavaThread "Thread-7" [_thread_in_native, id=1656, stack(0x000000001b9d0000,0x000000001bad0000)]
  0x000000001984f000 JavaThread "Thread-5" [_thread_in_native, id=5092, stack(0x000000001b8d0000,0x000000001b9d0000)]
  0x00000000152d1000 JavaThread "Thread-4" [_thread_blocked, id=7636, stack(0x000000001a800000,0x000000001a900000)]
  0x0000000019160800 JavaThread "Thread-3" [_thread_in_native, id=3264, stack(0x000000001a700000,0x000000001a800000)]
  0x0000000016d9e000 JavaThread "Thread-2" [_thread_in_Java, id=3020, stack(0x000000001a400000,0x000000001a500000)]
  0x00000000191f4800 JavaThread "TimerQueue" daemon [_thread_blocked, id=7992, stack(0x000000001a300000,0x000000001a400000)]
  0x0000000002db0800 JavaThread "DestroyJavaVM" [_thread_blocked, id=3652, stack(0x0000000001580000,0x0000000001680000)]
  0x00000000176d5000 JavaThread "AWT-EventQueue-0" [_thread_in_native, id=1748, stack(0x0000000017e70000,0x0000000017f70000)]
  0x0000000016e7d800 JavaThread "AWT-Windows" daemon [_thread_in_native, id=6396, stack(0x00000000170a0000,0x00000000171a0000)]
  0x0000000016e79800 JavaThread "AWT-Shutdown" [_thread_blocked, id=2772, stack(0x0000000016fa0000,0x00000000170a0000)]
  0x0000000016e78800 JavaThread "Java2D Disposer" daemon [_thread_blocked, id=5660, stack(0x0000000016e90000,0x0000000016f90000)]
  0x00000000152ea000 JavaThread "Service Thread" daemon [_thread_blocked, id=6068, stack(0x00000000164a0000,0x00000000165a0000)]
  0x0000000015265000 JavaThread "C1 CompilerThread1" daemon [_thread_blocked, id=5932, stack(0x00000000163a0000,0x00000000164a0000)]
  0x000000001525a000 JavaThread "C2 CompilerThread0" daemon [_thread_blocked, id=5412, stack(0x00000000162a0000,0x00000000163a0000)]
  0x0000000015257800 JavaThread "Attach Listener" daemon [_thread_blocked, id=3580, stack(0x00000000161a0000,0x00000000162a0000)]
  0x0000000015254000 JavaThread "Signal Dispatcher" daemon [_thread_blocked, id=3908, stack(0x00000000160a0000,0x00000000161a0000)]
  0x0000000015248800 JavaThread "Finalizer" daemon [_thread_blocked, id=3080, stack(0x0000000015e90000,0x0000000015f90000)]
  0x0000000002e9c800 JavaThread "Reference Handler" daemon [_thread_blocked, id=7268, stack(0x0000000015d90000,0x0000000015e90000)]

Other Threads:
  0x0000000015226000 VMThread [stack: 0x0000000015c90000,0x0000000015d90000] [id=7596]
  0x00000000152ee000 WatcherThread [stack: 0x0000000016990000,0x0000000016a90000] [id=7644]

VM state:not at safepoint (normal execution)

VM Mutex/Monitor currently owned by a thread: None

Heap:
 PSYoungGen      total 317952K, used 174484K [0x00000000eb600000, 0x0000000100000000, 0x0000000100000000)
  eden space 306176K, 53% used [0x00000000eb600000,0x00000000f54eb8a0,0x00000000fe100000)
  from space 11776K, 99% used [0x00000000fe100000,0x00000000fec79998,0x00000000fec80000)
  to   space 16384K, 0% used [0x00000000ff000000,0x00000000ff000000,0x0000000100000000)
 ParOldGen       total 42496K, used 21898K [0x00000000c2200000, 0x00000000c4b80000, 0x00000000eb600000)
  object space 42496K, 51% used [0x00000000c2200000,0x00000000c3762840,0x00000000c4b80000)
 Metaspace       used 16576K, capacity 16784K, committed 17024K, reserved 1064960K
  class space    used 1958K, capacity 2060K, committed 2176K, reserved 1048576K

Card table byte_map: [0x00000000122e0000,0x00000000124d0000] byte_map_base: 0x0000000011ccf000

Marking Bits: (ParMarkBitMap*) 0x000000006ccbb6d0
 Begin Bits: [0x0000000012820000, 0x0000000013798000)
 End Bits:   [0x0000000013798000, 0x0000000014710000)

Polling page: 0x0000000000de0000

CodeCache: size=245760Kb used=10972Kb max_used=11816Kb free=234787Kb
 bounds [0x0000000002f20000, 0x0000000003ad0000, 0x0000000011f20000]
 total_blobs=3466 nmethods=2924 adapters=453
 compilation: enabled

Compilation events (10 events):
Event: 93.836 Thread 0x000000001525a000 nmethod 3237 0x0000000003282cd0 code [0x0000000003282e20, 0x0000000003282f58]
Event: 93.837 Thread 0x0000000015265000 nmethod 3238 0x0000000003240b50 code [0x0000000003240e00, 0x0000000003242788]
Event: 93.866 Thread 0x000000001525a000 3239       4       java.awt.geom.RectangularShape::<init> (5 bytes)
Event: 93.867 Thread 0x000000001525a000 nmethod 3239 0x000000000324e7d0 code [0x000000000324e900, 0x000000000324e958]
Event: 94.193 Thread 0x0000000015265000 3241   !   3       java.awt.EventQueue::getNextEvent (84 bytes)
Event: 94.195 Thread 0x0000000015265000 nmethod 3241 0x0000000003445010 code [0x0000000003445220, 0x0000000003445bc8]
Event: 94.365 Thread 0x000000001525a000 3242       4       javax.swing.plaf.nimbus.AbstractRegionPainter::getImage (225 bytes)
Event: 94.392 Thread 0x000000001525a000 nmethod 3242 0x000000000302df90 code [0x000000000302e1a0, 0x000000000302e8d0]
Event: 94.691 Thread 0x000000001525a000 3243       4       javax.swing.plaf.synth.SynthScrollPaneUI$ViewportBorder::getBorderInsets (86 bytes)
Event: 94.693 Thread 0x000000001525a000 nmethod 3243 0x000000000328c110 code [0x000000000328c240, 0x000000000328c2f8]

GC Heap History (10 events):
Event: 83.727 GC heap before
{Heap before GC invocations=15 (full 0):
 PSYoungGen      total 269312K, used 267051K [0x00000000eb600000, 0x00000000fc780000, 0x0000000100000000)
  eden space 260096K, 100% used [0x00000000eb600000,0x00000000fb400000,0x00000000fb400000)
  from space 9216K, 75% used [0x00000000fbd80000,0x00000000fc44ae98,0x00000000fc680000)
  to   space 9728K, 0% used [0x00000000fb400000,0x00000000fb400000,0x00000000fbd80000)
 ParOldGen       total 42496K, used 17111K [0x00000000c2200000, 0x00000000c4b80000, 0x00000000eb600000)
  object space 42496K, 40% used [0x00000000c2200000,0x00000000c32b5ee8,0x00000000c4b80000)
 Metaspace       used 15997K, capacity 16144K, committed 16384K, reserved 1062912K
  class space    used 1873K, capacity 1932K, committed 2048K, reserved 1048576K
Event: 83.794 GC heap after
Heap after GC invocations=15 (full 0):
 PSYoungGen      total 269824K, used 9616K [0x00000000eb600000, 0x0000000100000000, 0x0000000100000000)
  eden space 260096K, 0% used [0x00000000eb600000,0x00000000eb600000,0x00000000fb400000)
  from space 9728K, 98% used [0x00000000fb400000,0x00000000fbd642e8,0x00000000fbd80000)
  to   space 10752K, 0% used [0x00000000ff580000,0x00000000ff580000,0x0000000100000000)
 ParOldGen       total 42496K, used 17449K [0x00000000c2200000, 0x00000000c4b80000, 0x00000000eb600000)
  object space 42496K, 41% used [0x00000000c2200000,0x00000000c330a6e8,0x00000000c4b80000)
 Metaspace       used 15997K, capacity 16144K, committed 16384K, reserved 1062912K
  class space    used 1873K, capacity 1932K, committed 2048K, reserved 1048576K
}
Event: 86.196 GC heap before
{Heap before GC invocations=16 (full 0):
 PSYoungGen      total 269824K, used 269712K [0x00000000eb600000, 0x0000000100000000, 0x0000000100000000)
  eden space 260096K, 100% used [0x00000000eb600000,0x00000000fb400000,0x00000000fb400000)
  from space 9728K, 98% used [0x00000000fb400000,0x00000000fbd642e8,0x00000000fbd80000)
  to   space 10752K, 0% used [0x00000000ff580000,0x00000000ff580000,0x0000000100000000)
 ParOldGen       total 42496K, used 17449K [0x00000000c2200000, 0x00000000c4b80000, 0x00000000eb600000)
  object space 42496K, 41% used [0x00000000c2200000,0x00000000c330a6e8,0x00000000c4b80000)
 Metaspace       used 16001K, capacity 16144K, committed 16384K, reserved 1062912K
  class space    used 1874K, capacity 1932K, committed 2048K, reserved 1048576K
Event: 86.264 GC heap after
Heap after GC invocations=16 (full 0):
 PSYoungGen      total 324096K, used 10319K [0x00000000eb600000, 0x0000000100000000, 0x0000000100000000)
  eden space 313344K, 0% used [0x00000000eb600000,0x00000000eb600000,0x00000000fe800000)
  from space 10752K, 95% used [0x00000000ff580000,0x00000000fff93d08,0x0000000100000000)
  to   space 12288K, 0% used [0x00000000fe800000,0x00000000fe800000,0x00000000ff400000)
 ParOldGen       total 42496K, used 17953K [0x00000000c2200000, 0x00000000c4b80000, 0x00000000eb600000)
  object space 42496K, 42% used [0x00000000c2200000,0x00000000c33886e8,0x00000000c4b80000)
 Metaspace       used 16001K, capacity 16144K, committed 16384K, reserved 1062912K
  class space    used 1874K, capacity 1932K, committed 2048K, reserved 1048576K
}
Event: 89.199 GC heap before
{Heap before GC invocations=17 (full 0):
 PSYoungGen      total 324096K, used 323663K [0x00000000eb600000, 0x0000000100000000, 0x0000000100000000)
  eden space 313344K, 100% used [0x00000000eb600000,0x00000000fe800000,0x00000000fe800000)
  from space 10752K, 95% used [0x00000000ff580000,0x00000000fff93d08,0x0000000100000000)
  to   space 12288K, 0% used [0x00000000fe800000,0x00000000fe800000,0x00000000ff400000)
 ParOldGen       total 42496K, used 17953K [0x00000000c2200000, 0x00000000c4b80000, 0x00000000eb600000)
  object space 42496K, 42% used [0x00000000c2200000,0x00000000c33886e8,0x00000000c4b80000)
 Metaspace       used 16020K, capacity 16208K, committed 16640K, reserved 1064960K
  class space    used 1874K, capacity 1932K, committed 2048K, reserved 1048576K
Event: 89.289 GC heap after
Heap after GC invocations=17 (full 0):
 PSYoungGen      total 325632K, used 11825K [0x00000000eb600000, 0x0000000100000000, 0x0000000100000000)
  eden space 313344K, 0% used [0x00000000eb600000,0x00000000eb600000,0x00000000fe800000)
  from space 12288K, 96% used [0x00000000fe800000,0x00000000ff38c690,0x00000000ff400000)
  to   space 12288K, 0% used [0x00000000ff400000,0x00000000ff400000,0x0000000100000000)
 ParOldGen       total 42496K, used 18489K [0x00000000c2200000, 0x00000000c4b80000, 0x00000000eb600000)
  object space 42496K, 43% used [0x00000000c2200000,0x00000000c340e6e8,0x00000000c4b80000)
 Metaspace       used 16020K, capacity 16208K, committed 16640K, reserved 1064960K
  class space    used 1874K, capacity 1932K, committed 2048K, reserved 1048576K
}
Event: 92.165 GC heap before
{Heap before GC invocations=18 (full 0):
 PSYoungGen      total 325632K, used 325169K [0x00000000eb600000, 0x0000000100000000, 0x0000000100000000)
  eden space 313344K, 100% used [0x00000000eb600000,0x00000000fe800000,0x00000000fe800000)
  from space 12288K, 96% used [0x00000000fe800000,0x00000000ff38c690,0x00000000ff400000)
  to   space 12288K, 0% used [0x00000000ff400000,0x00000000ff400000,0x0000000100000000)
 ParOldGen       total 42496K, used 18491K [0x00000000c2200000, 0x00000000c4b80000, 0x00000000eb600000)
  object space 42496K, 43% used [0x00000000c2200000,0x00000000c340ecf0,0x00000000c4b80000)
 Metaspace       used 16125K, capacity 16368K, committed 16640K, reserved 1064960K
  class space    used 1888K, capacity 1964K, committed 2048K, reserved 1048576K
Event: 92.242 GC heap after
Heap after GC invocations=18 (full 0):
 PSYoungGen      total 318464K, used 12262K [0x00000000eb600000, 0x0000000100000000, 0x0000000100000000)
  eden space 306176K, 0% used [0x00000000eb600000,0x00000000eb600000,0x00000000fe100000)
  from space 12288K, 99% used [0x00000000ff400000,0x00000000ffff99e0,0x0000000100000000)
  to   space 15872K, 0% used [0x00000000fe100000,0x00000000fe100000,0x00000000ff080000)
 ParOldGen       total 42496K, used 20722K [0x00000000c2200000, 0x00000000c4b80000, 0x00000000eb600000)
  object space 42496K, 48% used [0x00000000c2200000,0x00000000c363cbb8,0x00000000c4b80000)
 Metaspace       used 16125K, capacity 16368K, committed 16640K, reserved 1064960K
  class space    used 1888K, capacity 1964K, committed 2048K, reserved 1048576K
}
Event: 94.501 GC heap before
{Heap before GC invocations=19 (full 0):
 PSYoungGen      total 318464K, used 318438K [0x00000000eb600000, 0x0000000100000000, 0x0000000100000000)
  eden space 306176K, 100% used [0x00000000eb600000,0x00000000fe100000,0x00000000fe100000)
  from space 12288K, 99% used [0x00000000ff400000,0x00000000ffff99e0,0x0000000100000000)
  to   space 15872K, 0% used [0x00000000fe100000,0x00000000fe100000,0x00000000ff080000)
 ParOldGen       total 42496K, used 20724K [0x00000000c2200000, 0x00000000c4b80000, 0x00000000eb600000)
  object space 42496K, 48% used [0x00000000c2200000,0x00000000c363d188,0x00000000c4b80000)
 Metaspace       used 16126K, capacity 16368K, committed 16640K, reserved 1064960K
  class space    used 1888K, capacity 1964K, committed 2048K, reserved 1048576K
Event: 94.584 GC heap after
Heap after GC invocations=19 (full 0):
 PSYoungGen      total 317952K, used 11750K [0x00000000eb600000, 0x0000000100000000, 0x0000000100000000)
  eden space 306176K, 0% used [0x00000000eb600000,0x00000000eb600000,0x00000000fe100000)
  from space 11776K, 99% used [0x00000000fe100000,0x00000000fec79998,0x00000000fec80000)
  to   space 16384K, 0% used [0x00000000ff000000,0x00000000ff000000,0x0000000100000000)
 ParOldGen       total 42496K, used 21898K [0x00000000c2200000, 0x00000000c4b80000, 0x00000000eb600000)
  object space 42496K, 51% used [0x00000000c2200000,0x00000000c3762840,0x00000000c4b80000)
 Metaspace       used 16126K, capacity 16368K, committed 16640K, reserved 1064960K
  class space    used 1888K, capacity 1964K, committed 2048K, reserved 1048576K
}

Deoptimization events (10 events):
Event: 69.049 Thread 0x000000001984f000 Uncommon trap: reason=unstable_if action=reinterpret pc=0x00000000035e73a4 method=java.util.concurrent.ConcurrentHashMap.get(Ljava/lang/Object;)Ljava/lang/Object; @ 138
Event: 69.239 Thread 0x00000000176d5000 Uncommon trap: reason=null_check action=make_not_entrant pc=0x00000000038f318c method=javax.swing.plaf.nimbus.NimbusStyle.isOpaque(Ljavax/swing/plaf/synth/SynthContext;)Z @ 9
Event: 69.741 Thread 0x0000000002e9c800 Uncommon trap: reason=unstable_if action=reinterpret pc=0x000000000361a91c method=java.lang.ref.ReferenceQueue.enqueue(Ljava/lang/ref/Reference;)Z @ 94
Event: 69.741 Thread 0x0000000002e9c800 Uncommon trap: reason=unstable_if action=reinterpret pc=0x000000000361b508 method=java.lang.ref.ReferenceQueue.enqueue(Ljava/lang/ref/Reference;)Z @ 94
Event: 69.765 Thread 0x0000000016d9e000 Uncommon trap: reason=null_check action=make_not_entrant pc=0x0000000003564580 method=javax.swing.text.GapContent$MarkData.getPosition()Ljavax/swing/text/GapContent$StickyPosition; @ 4
Event: 88.203 Thread 0x00000000152d1000 Uncommon trap: reason=unstable_if action=reinterpret pc=0x0000000003804e74 method=java.util.concurrent.atomic.AtomicBoolean.getAndSet(Z)Z @ 11
Event: 93.666 Thread 0x00000000176d5000 Uncommon trap: reason=unstable_if action=reinterpret pc=0x0000000003a0a638 method=java.awt.EventQueue.postEvent(Ljava/awt/AWTEvent;I)V @ 6
Event: 93.749 Thread 0x00000000176d5000 Uncommon trap: reason=unstable_if action=reinterpret pc=0x000000000397c408 method=javax.swing.plaf.synth.SynthButtonUI.getComponentState(Ljavax/swing/JComponent;)I @ 43
Event: 93.750 Thread 0x00000000176d5000 Uncommon trap: reason=null_check action=make_not_entrant pc=0x0000000003a65c7c method=javax.swing.plaf.nimbus.ImageCache.getImage(Ljava/awt/GraphicsConfiguration;II[Ljava/lang/Object;)Ljava/awt/Image; @ 33
Event: 93.753 Thread 0x00000000176d5000 Uncommon trap: reason=unstable_if action=reinterpret pc=0x00000000039a7478 method=javax.swing.plaf.synth.SynthButtonUI.getComponentState(Ljavax/swing/JComponent;)I @ 43

Internal exceptions (10 events):
Event: 1.308 Thread 0x0000000002db0800 Exception <a 'java/lang/ClassNotFoundException': Tree> (0x00000000eba593d0) thrown at [C:\re\workspace\8-2-build-windows-amd64-cygwin\jdk8u121\8372\hotspot\src\share\vm\classfile\systemDictionary.cpp, line 210]
Event: 1.308 Thread 0x0000000002db0800 Exception <a 'java/lang/ClassNotFoundException': javax/swing/JTreeCell> (0x00000000eba59750) thrown at [C:\re\workspace\8-2-build-windows-amd64-cygwin\jdk8u121\8372\hotspot\src\share\vm\classfile\systemDictionary.cpp, line 210]
Event: 1.308 Thread 0x0000000002db0800 Exception <a 'java/lang/ClassNotFoundException': TreeCell> (0x00000000eba59bd8) thrown at [C:\re\workspace\8-2-build-windows-amd64-cygwin\jdk8u121\8372\hotspot\src\share\vm\classfile\systemDictionary.cpp, line 210]
Event: 1.308 Thread 0x0000000002db0800 Exception <a 'java/lang/ClassNotFoundException': RootPane> (0x00000000ebaa9a50) thrown at [C:\re\workspace\8-2-build-windows-amd64-cygwin\jdk8u121\8372\hotspot\src\share\vm\classfile\systemDictionary.cpp, line 210]
Event: 39.683 Thread 0x00000000176d5000 Implicit null exception at 0x000000000339f9d7 to 0x00000000033a3281
Event: 58.261 Thread 0x00000000152d1000 Exception <a 'java/lang/NoSuchMethodError': <clinit>> (0x00000000ec0c5e40) thrown at [C:\re\workspace\8-2-build-windows-amd64-cygwin\jdk8u121\8372\hotspot\src\share\vm\prims\jni.cpp, line 1613]
Event: 58.325 Thread 0x00000000152d1000 Exception <a 'java/lang/NoSuchMethodError': <clinit>> (0x00000000ec115a28) thrown at [C:\re\workspace\8-2-build-windows-amd64-cygwin\jdk8u121\8372\hotspot\src\share\vm\prims\jni.cpp, line 1613]
Event: 69.239 Thread 0x00000000176d5000 Implicit null exception at 0x00000000038f2433 to 0x00000000038f3175
Event: 69.765 Thread 0x0000000016d9e000 Implicit null exception at 0x0000000003563a26 to 0x000000000356456d
Event: 93.750 Thread 0x00000000176d5000 Implicit null exception at 0x0000000003a65170 to 0x0000000003a65c39

Events (10 events):
Event: 93.753 Thread 0x00000000176d5000 DEOPT PACKING pc=0x00000000039a7478 sp=0x0000000017f6d040
Event: 93.753 Thread 0x00000000176d5000 DEOPT UNPACKING pc=0x0000000002f6582a sp=0x0000000017f6d010 mode 2
Event: 93.755 Thread 0x00000000194c7800 Thread added: 0x00000000194c7800
Event: 94.393 Thread 0x000000001525a000 flushing nmethod 0x000000000302cdd0
Event: 94.393 Thread 0x000000001525a000 flushing nmethod 0x0000000003037410
Event: 94.501 Executing VM operation: ParallelGCFailedAllocation
Event: 94.584 Executing VM operation: ParallelGCFailedAllocation done
Event: 94.693 Thread 0x000000001525a000 flushing nmethod 0x00000000030bbbd0
Event: 94.693 Thread 0x000000001525a000 flushing nmethod 0x00000000030bc510
Event: 94.693 Thread 0x000000001525a000 flushing nmethod 0x00000000030f7d90


Dynamic libraries:
0x00007ff772510000 - 0x00007ff772547000 	C:\Program Files\Java\jdk1.8.0_121\bin\java.exe
0x00007ff8da640000 - 0x00007ff8da811000 	C:\Windows\SYSTEM32\ntdll.dll
0x00007ff8da410000 - 0x00007ff8da4bb000 	C:\Windows\System32\KERNEL32.DLL
0x00007ff8d6d60000 - 0x00007ff8d6f7d000 	C:\Windows\System32\KERNELBASE.dll
0x00007ff8d9790000 - 0x00007ff8d9832000 	C:\Windows\System32\ADVAPI32.dll
0x00007ff8da370000 - 0x00007ff8da40e000 	C:\Windows\System32\msvcrt.dll
0x00007ff8d9860000 - 0x00007ff8d98b9000 	C:\Windows\System32\sechost.dll
0x00007ff8d9650000 - 0x00007ff8d9771000 	C:\Windows\System32\RPCRT4.dll
0x00007ff8da4c0000 - 0x00007ff8da625000 	C:\Windows\System32\USER32.dll
0x00007ff8d7200000 - 0x00007ff8d721e000 	C:\Windows\System32\win32u.dll
0x00007ff8d8040000 - 0x00007ff8d8074000 	C:\Windows\System32\GDI32.dll
0x00007ff8d6bd0000 - 0x00007ff8d6d52000 	C:\Windows\System32\gdi32full.dll
0x00007ff8d1fe0000 - 0x00007ff8d2259000 	C:\Windows\WinSxS\amd64_microsoft.windows.common-controls_6595b64144ccf1df_6.0.14393.0_none_2d0f50fcbdb171b8\COMCTL32.dll
0x00007ff8d7d10000 - 0x00007ff8d7fd7000 	C:\Windows\System32\combase.dll
0x00007ff8d7ad0000 - 0x00007ff8d7bc5000 	C:\Windows\System32\ucrtbase.dll
0x00007ff8d7220000 - 0x00007ff8d728a000 	C:\Windows\System32\bcryptPrimitives.dll
0x00007ff8d7bd0000 - 0x00007ff8d7bfe000 	C:\Windows\System32\IMM32.DLL
0x000000006c3c0000 - 0x000000006c492000 	C:\Program Files\Java\jdk1.8.0_121\jre\bin\msvcr100.dll
0x000000006c4a0000 - 0x000000006cd3b000 	C:\Program Files\Java\jdk1.8.0_121\jre\bin\server\jvm.dll
0x00007ff8da630000 - 0x00007ff8da638000 	C:\Windows\System32\PSAPI.DLL
0x00007ff8d4c30000 - 0x00007ff8d4c39000 	C:\Windows\SYSTEM32\WSOCK32.dll
0x00007ff8d46f0000 - 0x00007ff8d4713000 	C:\Windows\SYSTEM32\WINMM.dll
0x00007ff8cac80000 - 0x00007ff8cac8a000 	C:\Windows\SYSTEM32\VERSION.dll
0x00007ff8d3ba0000 - 0x00007ff8d3bcb000 	C:\Windows\SYSTEM32\WINMMBASE.dll
0x00007ff8d9bd0000 - 0x00007ff8d9c3a000 	C:\Windows\System32\WS2_32.dll
0x00007ff8d7290000 - 0x00007ff8d72d2000 	C:\Windows\System32\cfgmgr32.dll
0x000000006c370000 - 0x000000006c37f000 	C:\Program Files\Java\jdk1.8.0_121\jre\bin\verify.dll
0x000000006c340000 - 0x000000006c369000 	C:\Program Files\Java\jdk1.8.0_121\jre\bin\java.dll
0x000000006c320000 - 0x000000006c336000 	C:\Program Files\Java\jdk1.8.0_121\jre\bin\zip.dll
0x00007ff8d8080000 - 0x00007ff8d9588000 	C:\Windows\System32\SHELL32.dll
0x00007ff8d7390000 - 0x00007ff8d7a6a000 	C:\Windows\System32\windows.storage.dll
0x00007ff8d6b50000 - 0x00007ff8d6b9c000 	C:\Windows\System32\powrprof.dll
0x00007ff8d9590000 - 0x00007ff8d95e2000 	C:\Windows\System32\shlwapi.dll
0x00007ff8d6ba0000 - 0x00007ff8d6baf000 	C:\Windows\System32\kernel.appcore.dll
0x00007ff8d72e0000 - 0x00007ff8d7389000 	C:\Windows\System32\shcore.dll
0x00007ff8d6bb0000 - 0x00007ff8d6bc4000 	C:\Windows\System32\profapi.dll
0x000000006c140000 - 0x000000006c2d8000 	C:\Program Files\Java\jdk1.8.0_121\jre\bin\awt.dll
0x00007ff8da2b0000 - 0x00007ff8da36c000 	C:\Windows\System32\OLEAUT32.dll
0x00007ff8d5300000 - 0x00007ff8d537a000 	C:\Windows\SYSTEM32\apphelp.dll
0x00007ff8d4b60000 - 0x00007ff8d4b86000 	C:\Windows\system32\DWMAPI.DLL
0x00007ff8d56a0000 - 0x00007ff8d5735000 	C:\Windows\system32\uxtheme.dll
0x00007ff8c3680000 - 0x00007ff8c37a3000 	C:\Windows\system32\opengl32.dll
0x00007ff8c1ee0000 - 0x00007ff8c1fd7000 	C:\Windows\SYSTEM32\DDRAW.dll
0x00007ff8cbcd0000 - 0x00007ff8cbcfd000 	C:\Windows\SYSTEM32\GLU32.dll
0x00007ff8d08d0000 - 0x00007ff8d08d8000 	C:\Windows\SYSTEM32\DCIMAN32.dll
0x00007ff8d9a70000 - 0x00007ff8d9bcb000 	C:\Windows\System32\MSCTF.dll
0x00007ff8b8b70000 - 0x00007ff8b8c08000 	C:\Program Files\Common Files\microsoft shared\ink\tiptsf.dll
0x00007ff8da170000 - 0x00007ff8da2a7000 	C:\Windows\System32\ole32.dll
0x000000006c0f0000 - 0x000000006c137000 	C:\Program Files\Java\jdk1.8.0_121\jre\bin\fontmanager.dll
0x00007ff8d7c00000 - 0x00007ff8d7c9f000 	C:\Windows\System32\clbcatq.dll
0x00007ff8d49b0000 - 0x00007ff8d4b58000 	C:\Windows\SYSTEM32\WindowsCodecs.dll
0x00007ff8d1f90000 - 0x00007ff8d1fd9000 	C:\Windows\system32\dataexchange.dll
0x00007ff8d3330000 - 0x00007ff8d35e6000 	C:\Windows\system32\d3d11.dll
0x00007ff8d4e80000 - 0x00007ff8d4fd1000 	C:\Windows\system32\dcomp.dll
0x00007ff8d5ad0000 - 0x00007ff8d5b6f000 	C:\Windows\system32\dxgi.dll
0x00007ff8d3bd0000 - 0x00007ff8d3cec000 	C:\Windows\system32\twinapi.appcore.dll
0x00007ff8d6a80000 - 0x00007ff8d6aab000 	C:\Windows\system32\bcrypt.dll
0x000000006c300000 - 0x000000006c31a000 	C:\Program Files\Java\jdk1.8.0_121\jre\bin\net.dll
0x00007ff8d6410000 - 0x00007ff8d646c000 	C:\Windows\system32\mswsock.dll
0x000000006c2e0000 - 0x000000006c2f1000 	C:\Program Files\Java\jdk1.8.0_121\jre\bin\nio.dll
0x000000006c0a0000 - 0x000000006c0e2000 	C:\Program Files\Java\jdk1.8.0_121\jre\bin\t2k.dll
0x00007ff8b89c0000 - 0x00007ff8b8b6b000 	C:\Windows\System32\uiautomationcore.dll
0x00007ff8d62a0000 - 0x00007ff8d62bf000 	C:\Windows\System32\USERENV.dll
0x00007ff8d6980000 - 0x00007ff8d6a18000 	C:\Windows\SYSTEM32\sxs.dll
0x00007ff8c6c90000 - 0x00007ff8c6cf5000 	C:\Windows\System32\OLEACC.dll
0x00007ff8cb3b0000 - 0x00007ff8cb42d000 	C:\Windows\SYSTEM32\twinapi.dll
0x000000006c060000 - 0x000000006c08a000 	C:\Program Files\Java\jdk1.8.0_121\jre\bin\dcpr.dll
0x00007ff8d19f0000 - 0x00007ff8d1a4e000 	C:\Windows\system32\Ninput.dll
0x000000006b9f0000 - 0x000000006bac1000 	C:\Users\Wendy\AppData\Local\Temp\javacpp51078744804440\msvcr100.dll
0x000000006b950000 - 0x000000006b9e8000 	C:\Users\Wendy\AppData\Local\Temp\javacpp51078744804440\msvcp100.dll
0x0000000066840000 - 0x00000000676b4000 	C:\Users\Wendy\AppData\Local\Temp\javacpp51078744804440\opencv_ffmpeg248_64.dll
0x00007ff8bf500000 - 0x00007ff8bf772000 	C:\Users\Wendy\AppData\Local\Temp\javacpp51078744804440\opencv_core248.dll
0x00007ff8bea30000 - 0x00007ff8bece2000 	C:\Users\Wendy\AppData\Local\Temp\javacpp51078744804440\opencv_imgproc248.dll
0x00007ff8be580000 - 0x00007ff8be7cd000 	C:\Users\Wendy\AppData\Local\Temp\javacpp51078744804440\opencv_highgui248.dll
0x00007ff8ce730000 - 0x00007ff8ce750000 	C:\Windows\SYSTEM32\AVIFIL32.dll
0x00007ff8c84e0000 - 0x00007ff8c8509000 	C:\Windows\SYSTEM32\MSVFW32.dll
0x00007ff8d08f0000 - 0x00007ff8d0908000 	C:\Windows\SYSTEM32\AVICAP32.dll
0x00007ff8d1870000 - 0x00007ff8d188c000 	C:\Windows\SYSTEM32\MSACM32.dll
0x00007ff8cd8d0000 - 0x00007ff8cd8e3000 	C:\Users\Wendy\AppData\Local\Temp\javacpp51078744804440\jniopencv_highgui.dll
0x00007ff8c84c0000 - 0x00007ff8c84d8000 	C:\Windows\System32\devenum.dll
0x00007ff8d9c40000 - 0x00007ff8da069000 	C:\Windows\System32\setupapi.dll
0x00007ff8d5ef0000 - 0x00007ff8d5f22000 	C:\Windows\SYSTEM32\ntmarta.dll
0x00007ff8d5740000 - 0x00007ff8d5768000 	C:\Windows\SYSTEM32\DEVOBJ.dll
0x00007ff8d7a70000 - 0x00007ff8d7ac5000 	C:\Windows\System32\WINTRUST.dll
0x00007ff8d6b40000 - 0x00007ff8d6b50000 	C:\Windows\System32\MSASN1.dll
0x00007ff8d6f80000 - 0x00007ff8d7148000 	C:\Windows\System32\CRYPT32.dll
0x00007ff8d1860000 - 0x00007ff8d186a000 	C:\Windows\SYSTEM32\msdmo.dll
0x00007ff8c8430000 - 0x00007ff8c8463000 	C:\Windows\System32\qcap.dll
0x00007ff8bcd80000 - 0x00007ff8bcf43000 	C:\Windows\System32\quartz.dll
0x00007ff8c7010000 - 0x00007ff8c7058000 	C:\Windows\System32\mfksproxy.dll
0x00007ff8cd2d0000 - 0x00007ff8cd2ec000 	C:\Windows\System32\ATL.DLL
0x00007ff8b8270000 - 0x00007ff8b83d8000 	C:\Windows\System32\MFPlat.DLL
0x00007ff8d42d0000 - 0x00007ff8d42fe000 	C:\Windows\System32\RTWorkQ.DLL
0x00007ff8b63f0000 - 0x00007ff8b67db000 	C:\Windows\System32\MFCORE.dll
0x00007ff8d3e50000 - 0x00007ff8d3e59000 	C:\Windows\System32\ksuser.dll
0x00007ff8d65b0000 - 0x00007ff8d65bb000 	C:\Windows\System32\CRYPTBASE.DLL
0x00007ff8c6fb0000 - 0x00007ff8c7002000 	C:\Windows\System32\FSClient.dll
0x00007ff8b4bb0000 - 0x00007ff8b4bfd000 	C:\Windows\System32\MFSENSORGROUP.dll
0x00007ff8d1e30000 - 0x00007ff8d1ea1000 	C:\Windows\SYSTEM32\MMDevAPI.DLL
0x00007ff8d2260000 - 0x00007ff8d23e5000 	C:\Windows\SYSTEM32\PROPSYS.dll
0x00007ff8d4bb0000 - 0x00007ff8d4bbb000 	C:\Windows\System32\AVRT.dll
0x00007ff8cd910000 - 0x00007ff8cd94f000 	C:\Windows\SYSTEM32\wdmaud.drv
0x00007ff8ccbb0000 - 0x00007ff8ccc44000 	C:\Windows\SYSTEM32\AUDIOSES.DLL
0x00007ff8d3e80000 - 0x00007ff8d3fb6000 	C:\Windows\SYSTEM32\wintypes.dll
0x00007ff8d3d10000 - 0x00007ff8d3d1d000 	C:\Windows\SYSTEM32\msacm32.drv
0x00007ff8d3770000 - 0x00007ff8d377a000 	C:\Windows\SYSTEM32\midimap.dll
0x00007ff8c83b0000 - 0x00007ff8c83c5000 	C:\Windows\SYSTEM32\vfwwdm32.dll
0x00007ff8d08e0000 - 0x00007ff8d08ed000 	C:\Windows\System32\vidcap.ax
0x00007ff8c6e30000 - 0x00007ff8c6e55000 	C:\Windows\System32\kswdmcap.ax
0x00007ff8bfb70000 - 0x00007ff8bfcd3000 	C:\Windows\System32\MFC42.dll
0x00007ff8c1d00000 - 0x00007ff8c1daf000 	C:\Windows\System32\ODBC32.dll
0x00007ff8d6060000 - 0x00007ff8d606a000 	C:\Windows\System32\DPAPI.dll
0x00007ff8d0c40000 - 0x00007ff8d0c83000 	C:\Windows\SYSTEM32\policymanager.dll
0x00007ff8d4650000 - 0x00007ff8d46e1000 	C:\Windows\System32\msvcp110_win.dll
0x00007ff8bf420000 - 0x00007ff8bf4f4000 	C:\Windows\System32\MFReadWrite.dll
0x00007ff8c0720000 - 0x00007ff8c07c3000 	C:\Windows\System32\qedit.dll
0x00007ff8da070000 - 0x00007ff8da16a000 	C:\Windows\System32\COMDLG32.dll
0x00007ff8c7060000 - 0x00007ff8c71f9000 	C:\Windows\WinSxS\amd64_microsoft.windows.gdiplus_6595b64144ccf1df_1.1.14393.0_none_acd6c01ad1498de0\gdiplus.dll
0x00007ff8c5f00000 - 0x00007ff8c5f4b000 	C:\Windows\System32\ksproxy.ax
0x00007ff8bc110000 - 0x00007ff8bc29d000 	C:\Windows\System32\d3d9.dll
0x00007ff8d01d0000 - 0x00007ff8d01dc000 	C:\Windows\SYSTEM32\msyuv.dll

VM Arguments:
jvm_args: -Dfile.encoding=UTF-8 
java_command: proyecto_final.Proyecto_Final
java_class_path (initial): C:\Users\Wendy\Desktop\ffmpeg-2.1.1-windows-x86.jar;C:\Users\Wendy\Desktop\ffmpeg-2.1.1-windows-x86_64.jar;C:\Users\Wendy\Desktop\javacpp.jar;C:\Users\Wendy\Desktop\javacv-windows-x86.jar;C:\Users\Wendy\Desktop\javacv-windows-x86_64.jar;C:\Users\Wendy\Desktop\javacv.jar;C:\Users\Wendy\Desktop\opencv-2.4.8-windows-x86.jar;C:\Users\Wendy\Desktop\opencv-2.4.8-windows-x86_64.jar;C:\Users\Wendy\Desktop\Proyecto_Final\build\classes
Launcher Type: SUN_STANDARD

Environment Variables:
PATH=C:\ProgramData\Oracle\Java\javapath;C:\Windows\system32;C:\Windows;C:\Windows\System32\Wbem;C:\Windows\System32\WindowsPowerShell\v1.0\;C:\Users\Wendy\AppData\Local\Microsoft\WindowsApps;
USERNAME=Wendy
OS=Windows_NT
PROCESSOR_IDENTIFIER=Intel64 Family 6 Model 76 Stepping 3, GenuineIntel



---------------  S Y S T E M  ---------------

OS: Windows 10.0 , 64 bit Build 14393 (10.0.14393.0)

CPU:total 2 (2 cores per cpu, 1 threads per core) family 6 model 76 stepping 3, cmov, cx8, fxsr, mmx, sse, sse2, sse3, ssse3, sse4.1, sse4.2, popcnt, aes, clmul, erms, 3dnowpref, tsc, tscinvbit

Memory: 4k page, physical 4048184k(1365100k free), swap 5489976k(2152600k free)

vm_info: Java HotSpot(TM) 64-Bit Server VM (25.121-b13) for windows-amd64 JRE (1.8.0_121-b13), built on Dec 12 2016 18:21:36 by "java_re" with MS VC++ 10.0 (VS2010)

time: Sat Apr 15 18:38:08 2017
elapsed time: 96 seconds (0d 0h 1m 36s)

