#
# A fatal error has been detected by the Java Runtime Environment:
#
#  Internal Error (0xc000000d), pid=4356, tid=0x0000000000001670
#
# JRE version: Java(TM) SE Runtime Environment (8.0_121-b13) (build 1.8.0_121-b13)
# Java VM: Java HotSpot(TM) 64-Bit Server VM (25.121-b13 mixed mode windows-amd64 compressed oops)
# Problematic frame:
# C  [ntdll.dll+0xfe5ac]
#
# Failed to write core dump. Minidumps are not enabled by default on client versions of Windows
#
# If you would like to submit a bug report, please visit:
#   http://bugreport.java.com/bugreport/crash.jsp
#

---------------  T H R E A D  ---------------

Current thread (0x00000000145e5800):  VMThread [stack: 0x0000000015060000,0x0000000015160000] [id=5744]

siginfo: ExceptionCode=0xc000000d

Registers:
RAX=0x000000006c58cc1b, RBX=0x00000000005ae1c0, RCX=0x00000000145e7220, RDX=0x00000000021d0000
RSP=0x000000001515ea70, RBP=0x0000000000000000, RSI=0x0000000017fb6550, RDI=0x0000000017fb3970
R8 =0x0000000000010388, R9 =0x0000000016135d50, R10=0x0000000000000000, R11=0x0000000000010388
R12=0x0000000000000000, R13=0x00000000ffffffff, R14=0x0000000017f92260, R15=0x0000000017fb6550
RIP=0x00007ff8da73e5ac, EFLAGS=0x0000000000000202

Top of Stack: (sp=0x000000001515ea70)
0x000000001515ea70:   0000000000000057 00000000005ae1c0
0x000000001515ea80:   0000000017fb6550 0000000017fb3970
0x000000001515ea90:   00000000c000000d 0000000000000000
0x000000001515eaa0:   00007ff8da73e5ac 0000000000000000
0x000000001515eab0:   0000000000000000 0000000000000000
0x000000001515eac0:   0000000000000000 0000000000000000
0x000000001515ead0:   0000000000000000 0000000000000000
0x000000001515eae0:   0000000000000000 0000000000000000
0x000000001515eaf0:   0000000000000000 0000000000000000
0x000000001515eb00:   0000000000000000 0000000000000000
0x000000001515eb10:   0000000000000000 0000000000000000
0x000000001515eb20:   0000000000000000 0000000000000000
0x000000001515eb30:   0000328519bedc91 0000000000000000
0x000000001515eb40:   0000000000000000 00007ff8da7009fb
0x000000001515eb50:   0000000000000000 00007ff8bf43e8db
0x000000001515eb60:   0000000000000000 0000000000000000 

Instructions: (pc=0x00007ff8da73e5ac)
0x00007ff8da73e58c:   d1 fa ff c7 44 24 20 0d 00 00 c0 b9 57 00 00 00
0x00007ff8da73e59c:   e8 df 0f f6 ff 90 48 8d 4c 24 20 e8 64 bb f4 ff
0x00007ff8da73e5ac:   eb 00 48 8b 8c 24 c0 00 00 00 48 33 cc e8 92 70
0x00007ff8da73e5bc:   f9 ff 48 81 c4 d8 00 00 00 c3 40 55 48 83 ec 20 


Register to memory mapping:

RAX=0x000000006c58cc1b is an unknown value
RBX=0x00000000005ae1c0 is an unknown value
RCX=0x00000000145e7220 is an unknown value
RDX=0x00000000021d0000 is an unknown value
RSP=0x000000001515ea70 is an unknown value
RBP=0x0000000000000000 is an unknown value
RSI=0x0000000017fb6550 is an unknown value
RDI=0x0000000017fb3970 is an unknown value
R8 =0x0000000000010388 is an unknown value
R9 =0x0000000016135d50 is an unknown value
R10=0x0000000000000000 is an unknown value
R11=0x0000000000010388 is an unknown value
R12=0x0000000000000000 is an unknown value
R13=0x00000000ffffffff is an unallocated location in the heap
R14=0x0000000017f92260 is an unknown value
R15=0x0000000017fb6550 is an unknown value


Stack: [0x0000000015060000,0x0000000015160000],  sp=0x000000001515ea70,  free space=1018k
Native frames: (J=compiled Java code, j=interpreted, Vv=VM code, C=native code)

VM_Operation (0x000000001732d620): Exit, mode: safepoint, requested by thread 0x00000000162ee800


---------------  P R O C E S S  ---------------

Java Threads: ( => current thread )
  0x0000000016613800 JavaThread "Thread-3" [_thread_in_native, id=7620, stack(0x0000000019a00000,0x0000000019b00000)]
  0x0000000016612000 JavaThread "Thread-2" [_thread_blocked, id=6816, stack(0x0000000019900000,0x0000000019a00000)]
  0x0000000018e0d800 JavaThread "TimerQueue" daemon [_thread_blocked, id=5284, stack(0x0000000019800000,0x0000000019900000)]
  0x00000000021e0800 JavaThread "DestroyJavaVM" [_thread_blocked, id=3888, stack(0x0000000002090000,0x0000000002190000)]
  0x00000000162ee800 JavaThread "AWT-EventQueue-0" [_thread_blocked, id=4588, stack(0x0000000017230000,0x0000000017330000)]
  0x000000001622d000 JavaThread "AWT-Shutdown" [_thread_blocked, id=2640, stack(0x0000000016b60000,0x0000000016c60000)]
  0x000000001622c000 JavaThread "Java2D Disposer" daemon [_thread_blocked, id=7448, stack(0x0000000016a60000,0x0000000016b60000)]
  0x000000001467b000 JavaThread "Service Thread" daemon [_thread_blocked, id=2324, stack(0x0000000015870000,0x0000000015970000)]
  0x0000000014674800 JavaThread "C1 CompilerThread1" daemon [_thread_blocked, id=416, stack(0x0000000015770000,0x0000000015870000)]
  0x0000000014614800 JavaThread "C2 CompilerThread0" daemon [_thread_blocked, id=4456, stack(0x0000000015670000,0x0000000015770000)]
  0x0000000014624800 JavaThread "Attach Listener" daemon [_thread_blocked, id=1548, stack(0x0000000015570000,0x0000000015670000)]
  0x0000000014608800 JavaThread "Finalizer" daemon [_thread_blocked, id=3944, stack(0x0000000015260000,0x0000000015360000)]
  0x00000000022cd800 JavaThread "Reference Handler" daemon [_thread_blocked, id=4896, stack(0x0000000015160000,0x0000000015260000)]

Other Threads:
=>0x00000000145e5800 VMThread [stack: 0x0000000015060000,0x0000000015160000] [id=5744]

VM state:at safepoint (shutting down)

VM Mutex/Monitor currently owned by a thread:  ([mutex/lock_event])
[0x00000000021dbd00] Threads_lock - owner thread: 0x00000000145e5800

Heap:
 PSYoungGen      total 315904K, used 272189K [0x00000000eb600000, 0x00000000ffe80000, 0x0000000100000000)
  eden space 296448K, 87% used [0x00000000eb600000,0x00000000fb34fc88,0x00000000fd780000)
  from space 19456K, 65% used [0x00000000feb80000,0x00000000ff7ffae8,0x00000000ffe80000)
  to   space 19968K, 0% used [0x00000000fd780000,0x00000000fd780000,0x00000000feb00000)
 ParOldGen       total 49664K, used 32652K [0x00000000c2200000, 0x00000000c5280000, 0x00000000eb600000)
  object space 49664K, 65% used [0x00000000c2200000,0x00000000c41e3298,0x00000000c5280000)
 Metaspace       used 17858K, capacity 18064K, committed 18432K, reserved 1064960K
  class space    used 2099K, capacity 2188K, committed 2304K, reserved 1048576K

Card table byte_map: [0x00000000116a0000,0x0000000011890000] byte_map_base: 0x000000001108f000

Marking Bits: (ParMarkBitMap*) 0x000000006ccbb6d0
 Begin Bits: [0x0000000011be0000, 0x0000000012b58000)
 End Bits:   [0x0000000012b58000, 0x0000000013ad0000)

Polling page: 0x0000000000430000

CodeCache: size=245760Kb used=12588Kb max_used=12665Kb free=233171Kb
 bounds [0x00000000022e0000, 0x0000000002fb0000, 0x00000000112e0000]
 total_blobs=3770 nmethods=3206 adapters=475
 compilation: enabled

Compilation events (10 events):
Event: 175.223 Thread 0x0000000014674800 4116       3       javax.swing.plaf.synth.SynthScrollBarUI::paint (53 bytes)
Event: 175.225 Thread 0x0000000014614800 4117       4       sun.java2d.windows.GDIBlitLoops::Blit (37 bytes)
Event: 175.226 Thread 0x0000000014614800 nmethod 4117 0x0000000002b9ef90 code [0x0000000002b9f0e0, 0x0000000002b9f1e8]
Event: 175.228 Thread 0x0000000014674800 nmethod 4116 0x00000000027c7fd0 code [0x00000000027c82c0, 0x00000000027c99f8]
Event: 175.399 Thread 0x0000000014614800 4118       4       java.awt.Component::getInputContext (16 bytes)
Event: 175.400 Thread 0x0000000014674800 4119       3       sun.awt.im.InputContext::dispatchEvent (173 bytes)
Event: 175.404 Thread 0x0000000014674800 nmethod 4119 0x0000000002a84150 code [0x0000000002a844a0, 0x0000000002a867e8]
Event: 175.407 Thread 0x0000000014614800 nmethod 4118 0x00000000025ea1d0 code [0x00000000025ea320, 0x00000000025ea3b8]
Event: 179.934 Thread 0x0000000014614800 4121       4       java.awt.GraphicsEnvironment::isHeadless (4 bytes)
Event: 179.936 Thread 0x0000000014614800 nmethod 4121 0x0000000002690d10 code [0x0000000002690e40, 0x0000000002690e98]

GC Heap History (10 events):
Event: 136.292 GC heap before
{Heap before GC invocations=33 (full 1):
 PSYoungGen      total 315392K, used 305945K [0x00000000eb600000, 0x0000000100000000, 0x0000000100000000)
  eden space 292864K, 100% used [0x00000000eb600000,0x00000000fd400000,0x00000000fd400000)
  from space 22528K, 58% used [0x00000000fd400000,0x00000000fe0c6778,0x00000000fea00000)
  to   space 22016K, 0% used [0x00000000fea80000,0x00000000fea80000,0x0000000100000000)
 ParOldGen       total 49664K, used 28245K [0x00000000c2200000, 0x00000000c5280000, 0x00000000eb600000)
  object space 49664K, 56% used [0x00000000c2200000,0x00000000c3d95438,0x00000000c5280000)
 Metaspace       used 17752K, capacity 18000K, committed 18432K, reserved 1064960K
  class space    used 2094K, capacity 2188K, committed 2304K, reserved 1048576K
Event: 136.376 GC heap after
Heap after GC invocations=33 (full 1):
 PSYoungGen      total 313856K, used 13676K [0x00000000eb600000, 0x00000000ffe80000, 0x0000000100000000)
  eden space 293376K, 0% used [0x00000000eb600000,0x00000000eb600000,0x00000000fd480000)
  from space 20480K, 66% used [0x00000000fea80000,0x00000000ff7db288,0x00000000ffe80000)
  to   space 21504K, 0% used [0x00000000fd480000,0x00000000fd480000,0x00000000fe980000)
 ParOldGen       total 49664K, used 28964K [0x00000000c2200000, 0x00000000c5280000, 0x00000000eb600000)
  object space 49664K, 58% used [0x00000000c2200000,0x00000000c3e493f8,0x00000000c5280000)
 Metaspace       used 17752K, capacity 18000K, committed 18432K, reserved 1064960K
  class space    used 2094K, capacity 2188K, committed 2304K, reserved 1048576K
}
Event: 145.050 GC heap before
{Heap before GC invocations=34 (full 1):
 PSYoungGen      total 313856K, used 307052K [0x00000000eb600000, 0x00000000ffe80000, 0x0000000100000000)
  eden space 293376K, 100% used [0x00000000eb600000,0x00000000fd480000,0x00000000fd480000)
  from space 20480K, 66% used [0x00000000fea80000,0x00000000ff7db288,0x00000000ffe80000)
  to   space 21504K, 0% used [0x00000000fd480000,0x00000000fd480000,0x00000000fe980000)
 ParOldGen       total 49664K, used 28964K [0x00000000c2200000, 0x00000000c5280000, 0x00000000eb600000)
  object space 49664K, 58% used [0x00000000c2200000,0x00000000c3e493f8,0x00000000c5280000)
 Metaspace       used 17752K, capacity 18000K, committed 18432K, reserved 1064960K
  class space    used 2094K, capacity 2188K, committed 2304K, reserved 1048576K
Event: 145.138 GC heap after
Heap after GC invocations=34 (full 1):
 PSYoungGen      total 314880K, used 12619K [0x00000000eb600000, 0x0000000100000000, 0x0000000100000000)
  eden space 293376K, 0% used [0x00000000eb600000,0x00000000eb600000,0x00000000fd480000)
  from space 21504K, 58% used [0x00000000fd480000,0x00000000fe0d2f28,0x00000000fe980000)
  to   space 20992K, 0% used [0x00000000feb80000,0x00000000feb80000,0x0000000100000000)
 ParOldGen       total 49664K, used 29890K [0x00000000c2200000, 0x00000000c5280000, 0x00000000eb600000)
  object space 49664K, 60% used [0x00000000c2200000,0x00000000c3f309c8,0x00000000c5280000)
 Metaspace       used 17752K, capacity 18000K, committed 18432K, reserved 1064960K
  class space    used 2094K, capacity 2188K, committed 2304K, reserved 1048576K
}
Event: 153.563 GC heap before
{Heap before GC invocations=35 (full 1):
 PSYoungGen      total 314880K, used 305995K [0x00000000eb600000, 0x0000000100000000, 0x0000000100000000)
  eden space 293376K, 100% used [0x00000000eb600000,0x00000000fd480000,0x00000000fd480000)
  from space 21504K, 58% used [0x00000000fd480000,0x00000000fe0d2f28,0x00000000fe980000)
  to   space 20992K, 0% used [0x00000000feb80000,0x00000000feb80000,0x0000000100000000)
 ParOldGen       total 49664K, used 29890K [0x00000000c2200000, 0x00000000c5280000, 0x00000000eb600000)
  object space 49664K, 60% used [0x00000000c2200000,0x00000000c3f309c8,0x00000000c5280000)
 Metaspace       used 17788K, capacity 18000K, committed 18432K, reserved 1064960K
  class space    used 2096K, capacity 2188K, committed 2304K, reserved 1048576K
Event: 153.650 GC heap after
Heap after GC invocations=35 (full 1):
 PSYoungGen      total 315904K, used 14717K [0x00000000eb600000, 0x00000000fff80000, 0x0000000100000000)
  eden space 295424K, 0% used [0x00000000eb600000,0x00000000eb600000,0x00000000fd680000)
  from space 20480K, 71% used [0x00000000feb80000,0x00000000ff9df460,0x00000000fff80000)
  to   space 20992K, 0% used [0x00000000fd680000,0x00000000fd680000,0x00000000feb00000)
 ParOldGen       total 49664K, used 31422K [0x00000000c2200000, 0x00000000c5280000, 0x00000000eb600000)
  object space 49664K, 63% used [0x00000000c2200000,0x00000000c40af9b0,0x00000000c5280000)
 Metaspace       used 17788K, capacity 18000K, committed 18432K, reserved 1064960K
  class space    used 2096K, capacity 2188K, committed 2304K, reserved 1048576K
}
Event: 161.234 GC heap before
{Heap before GC invocations=36 (full 1):
 PSYoungGen      total 315904K, used 310141K [0x00000000eb600000, 0x00000000fff80000, 0x0000000100000000)
  eden space 295424K, 100% used [0x00000000eb600000,0x00000000fd680000,0x00000000fd680000)
  from space 20480K, 71% used [0x00000000feb80000,0x00000000ff9df460,0x00000000fff80000)
  to   space 20992K, 0% used [0x00000000fd680000,0x00000000fd680000,0x00000000feb00000)
 ParOldGen       total 49664K, used 31422K [0x00000000c2200000, 0x00000000c5280000, 0x00000000eb600000)
  object space 49664K, 63% used [0x00000000c2200000,0x00000000c40af9b0,0x00000000c5280000)
 Metaspace       used 17790K, capacity 18000K, committed 18432K, reserved 1064960K
  class space    used 2096K, capacity 2188K, committed 2304K, reserved 1048576K
Event: 161.328 GC heap after
Heap after GC invocations=36 (full 1):
 PSYoungGen      total 316416K, used 12277K [0x00000000eb600000, 0x00000000fff80000, 0x0000000100000000)
  eden space 295424K, 0% used [0x00000000eb600000,0x00000000eb600000,0x00000000fd680000)
  from space 20992K, 58% used [0x00000000fd680000,0x00000000fe27d710,0x00000000feb00000)
  to   space 20480K, 0% used [0x00000000feb80000,0x00000000feb80000,0x00000000fff80000)
 ParOldGen       total 49664K, used 32019K [0x00000000c2200000, 0x00000000c5280000, 0x00000000eb600000)
  object space 49664K, 64% used [0x00000000c2200000,0x00000000c4144f60,0x00000000c5280000)
 Metaspace       used 17790K, capacity 18000K, committed 18432K, reserved 1064960K
  class space    used 2096K, capacity 2188K, committed 2304K, reserved 1048576K
}
Event: 171.293 GC heap before
{Heap before GC invocations=37 (full 1):
 PSYoungGen      total 316416K, used 307701K [0x00000000eb600000, 0x00000000fff80000, 0x0000000100000000)
  eden space 295424K, 100% used [0x00000000eb600000,0x00000000fd680000,0x00000000fd680000)
  from space 20992K, 58% used [0x00000000fd680000,0x00000000fe27d710,0x00000000feb00000)
  to   space 20480K, 0% used [0x00000000feb80000,0x00000000feb80000,0x00000000fff80000)
 ParOldGen       total 49664K, used 32019K [0x00000000c2200000, 0x00000000c5280000, 0x00000000eb600000)
  object space 49664K, 64% used [0x00000000c2200000,0x00000000c4144f60,0x00000000c5280000)
 Metaspace       used 17802K, capacity 18064K, committed 18432K, reserved 1064960K
  class space    used 2096K, capacity 2188K, committed 2304K, reserved 1048576K
Event: 171.389 GC heap after
Heap after GC invocations=37 (full 1):
 PSYoungGen      total 315904K, used 12798K [0x00000000eb600000, 0x00000000ffe80000, 0x0000000100000000)
  eden space 296448K, 0% used [0x00000000eb600000,0x00000000eb600000,0x00000000fd780000)
  from space 19456K, 65% used [0x00000000feb80000,0x00000000ff7ffae8,0x00000000ffe80000)
  to   space 19968K, 0% used [0x00000000fd780000,0x00000000fd780000,0x00000000feb00000)
 ParOldGen       total 49664K, used 32652K [0x00000000c2200000, 0x00000000c5280000, 0x00000000eb600000)
  object space 49664K, 65% used [0x00000000c2200000,0x00000000c41e3298,0x00000000c5280000)
 Metaspace       used 17802K, capacity 18064K, committed 18432K, reserved 1064960K
  class space    used 2096K, capacity 2188K, committed 2304K, reserved 1048576K
}

Deoptimization events (10 events):
Event: 168.593 Thread 0x00000000162ee800 Uncommon trap: reason=unstable_if action=reinterpret pc=0x0000000002d63640 method=javax.swing.DefaultBoundedRangeModel.setRangeProperties(IIIIZ)V @ 87
Event: 168.595 Thread 0x00000000162ee800 Uncommon trap: reason=unstable_if action=reinterpret pc=0x0000000002e5d1e4 method=javax.swing.JViewport.setViewPosition(Ljava/awt/Point;)V @ 90
Event: 168.596 Thread 0x00000000162ee800 Uncommon trap: reason=unstable_if action=reinterpret pc=0x0000000002d6a7ac method=sun.java2d.pipe.Region.getIntersectionXYXY(IIII)Lsun/java2d/pipe/Region; @ 39
Event: 168.598 Thread 0x00000000162ee800 Uncommon trap: reason=unstable_if action=reinterpret pc=0x00000000025f3064 method=javax.swing.RepaintManager.endPaint()V @ 24
Event: 168.599 Thread 0x00000000162ee800 Uncommon trap: reason=unstable_if action=reinterpret pc=0x0000000002cb39d8 method=java.awt.geom.AffineTransform.updateState()V @ 148
Event: 168.599 Thread 0x00000000162ee800 Uncommon trap: reason=unstable_if action=reinterpret pc=0x0000000002be9c64 method=javax.swing.plaf.synth.SynthScrollBarUI.getComponentState(Ljavax/swing/JComponent;Ljavax/swing/plaf/synth/Region;)I @ 11
Event: 168.604 Thread 0x00000000162ee800 Uncommon trap: reason=unstable_if action=reinterpret pc=0x0000000002ae4cf8 method=sun.java2d.pipe.Region.getIntersectionXYXY(IIII)Lsun/java2d/pipe/Region; @ 39
Event: 168.613 Thread 0x00000000162ee800 Uncommon trap: reason=unstable_if action=reinterpret pc=0x0000000002b05ab8 method=sun.java2d.pipe.Region.getIntersectionXYXY(IIII)Lsun/java2d/pipe/Region; @ 39
Event: 168.635 Thread 0x00000000162ee800 Uncommon trap: reason=unstable_if action=reinterpret pc=0x0000000002cdfc6c method=java.awt.geom.AffineTransform.updateState()V @ 42
Event: 175.529 Thread 0x00000000162ee800 Uncommon trap: reason=unstable_if action=reinterpret pc=0x00000000026220cc method=java.util.concurrent.ConcurrentLinkedQueue.updateHead(Ljava/util/concurrent/ConcurrentLinkedQueue$Node;Ljava/util/concurrent/ConcurrentLinkedQueue$Node;)V @ 11

Internal exceptions (10 events):
Event: 22.759 Thread 0x00000000162ee800 Implicit null exception at 0x00000000027436d6 to 0x0000000002746f41
Event: 46.145 Thread 0x0000000016422000 Exception <a 'java/lang/NoSuchMethodError': <clinit>> (0x00000000ec089838) thrown at [C:\re\workspace\8-2-build-windows-amd64-cygwin\jdk8u121\8372\hotspot\src\share\vm\prims\jni.cpp, line 1613]
Event: 46.201 Thread 0x0000000016422000 Exception <a 'java/lang/NoSuchMethodError': <clinit>> (0x00000000ec0d9420) thrown at [C:\re\workspace\8-2-build-windows-amd64-cygwin\jdk8u121\8372\hotspot\src\share\vm\prims\jni.cpp, line 1613]
Event: 49.559 Thread 0x0000000016612000 Implicit null exception at 0x000000000293e72e to 0x000000000293f299
Event: 57.871 Thread 0x00000000162ee800 Implicit null exception at 0x0000000002c87a03 to 0x0000000002c888bd
Event: 69.774 Thread 0x0000000016613800 Implicit null exception at 0x0000000002dadf24 to 0x0000000002da9c31
Event: 74.730 Thread 0x00000000162ee800 Implicit null exception at 0x0000000002cce798 to 0x0000000002ccf91d
Event: 78.423 Thread 0x0000000018d1c800 Implicit null exception at 0x00000000025d9b14 to 0x00000000025d9c68
Event: 78.433 Thread 0x0000000018d1c800 Exception <a 'java/lang/NoSuchMethodError': <clinit>> (0x00000000f17ba798) thrown at [C:\re\workspace\8-2-build-windows-amd64-cygwin\jdk8u121\8372\hotspot\src\share\vm\prims\jni.cpp, line 1613]
Event: 87.465 Thread 0x00000000162ee800 Implicit null exception at 0x0000000002e9d5f5 to 0x0000000002e9e69d

Events (10 events):
Event: 180.179 loading class java/util/WeakHashMap$HashIterator done
Event: 180.179 loading class java/util/WeakHashMap$KeyIterator done
Event: 180.179 Thread 0x000000001bd79000 Thread exited: 0x000000001bd79000
Event: 180.340 loading class java/lang/ProcessImpl$2
Event: 180.341 loading class java/lang/ProcessImpl$2 done
Event: 180.341 Thread 0x0000000018914800 Thread exited: 0x0000000018914800
Event: 180.341 Executing VM operation: RevokeBias
Event: 180.341 Executing VM operation: RevokeBias done
Event: 180.370 Thread 0x0000000014621000 Thread exited: 0x0000000014621000
Event: 180.371 Executing VM operation: Exit


Dynamic libraries:
0x00007ff772510000 - 0x00007ff772547000 	C:\Program Files\Java\jdk1.8.0_121\bin\java.exe
0x00007ff8da640000 - 0x00007ff8da811000 	C:\Windows\SYSTEM32\ntdll.dll
0x00007ff8da410000 - 0x00007ff8da4bb000 	C:\Windows\System32\KERNEL32.DLL
0x00007ff8d6d60000 - 0x00007ff8d6f7d000 	C:\Windows\System32\KERNELBASE.dll
0x00007ff8d9790000 - 0x00007ff8d9832000 	C:\Windows\System32\ADVAPI32.dll
0x00007ff8da370000 - 0x00007ff8da40e000 	C:\Windows\System32\msvcrt.dll
0x00007ff8d9860000 - 0x00007ff8d98b9000 	C:\Windows\System32\sechost.dll
0x00007ff8d9650000 - 0x00007ff8d9771000 	C:\Windows\System32\RPCRT4.dll
0x00007ff8da4c0000 - 0x00007ff8da625000 	C:\Windows\System32\USER32.dll
0x00007ff8d7200000 - 0x00007ff8d721e000 	C:\Windows\System32\win32u.dll
0x00007ff8d8040000 - 0x00007ff8d8074000 	C:\Windows\System32\GDI32.dll
0x00007ff8d6bd0000 - 0x00007ff8d6d52000 	C:\Windows\System32\gdi32full.dll
0x00007ff8d1fe0000 - 0x00007ff8d2259000 	C:\Windows\WinSxS\amd64_microsoft.windows.common-controls_6595b64144ccf1df_6.0.14393.0_none_2d0f50fcbdb171b8\COMCTL32.dll
0x00007ff8d7d10000 - 0x00007ff8d7fd7000 	C:\Windows\System32\combase.dll
0x00007ff8d7ad0000 - 0x00007ff8d7bc5000 	C:\Windows\System32\ucrtbase.dll
0x00007ff8d7220000 - 0x00007ff8d728a000 	C:\Windows\System32\bcryptPrimitives.dll
0x00007ff8d7bd0000 - 0x00007ff8d7bfe000 	C:\Windows\System32\IMM32.DLL
0x000000006c3c0000 - 0x000000006c492000 	C:\Program Files\Java\jdk1.8.0_121\jre\bin\msvcr100.dll
0x000000006c4a0000 - 0x000000006cd3b000 	C:\Program Files\Java\jdk1.8.0_121\jre\bin\server\jvm.dll
0x00007ff8da630000 - 0x00007ff8da638000 	C:\Windows\System32\PSAPI.DLL
0x00007ff8d46f0000 - 0x00007ff8d4713000 	C:\Windows\SYSTEM32\WINMM.dll
0x00007ff8d4c30000 - 0x00007ff8d4c39000 	C:\Windows\SYSTEM32\WSOCK32.dll
0x00007ff8d9bd0000 - 0x00007ff8d9c3a000 	C:\Windows\System32\WS2_32.dll
0x00007ff8cac80000 - 0x00007ff8cac8a000 	C:\Windows\SYSTEM32\VERSION.dll
0x00007ff8d3ba0000 - 0x00007ff8d3bcb000 	C:\Windows\SYSTEM32\WINMMBASE.dll
0x00007ff8d7290000 - 0x00007ff8d72d2000 	C:\Windows\System32\cfgmgr32.dll
0x000000006c370000 - 0x000000006c37f000 	C:\Program Files\Java\jdk1.8.0_121\jre\bin\verify.dll
0x000000006c340000 - 0x000000006c369000 	C:\Program Files\Java\jdk1.8.0_121\jre\bin\java.dll
0x000000006c320000 - 0x000000006c336000 	C:\Program Files\Java\jdk1.8.0_121\jre\bin\zip.dll
0x00007ff8d8080000 - 0x00007ff8d9588000 	C:\Windows\System32\SHELL32.dll
0x00007ff8d7390000 - 0x00007ff8d7a6a000 	C:\Windows\System32\windows.storage.dll
0x00007ff8d6b50000 - 0x00007ff8d6b9c000 	C:\Windows\System32\powrprof.dll
0x00007ff8d9590000 - 0x00007ff8d95e2000 	C:\Windows\System32\shlwapi.dll
0x00007ff8d6ba0000 - 0x00007ff8d6baf000 	C:\Windows\System32\kernel.appcore.dll
0x00007ff8d72e0000 - 0x00007ff8d7389000 	C:\Windows\System32\shcore.dll
0x00007ff8d6bb0000 - 0x00007ff8d6bc4000 	C:\Windows\System32\profapi.dll
0x000000006c140000 - 0x000000006c2d8000 	C:\Program Files\Java\jdk1.8.0_121\jre\bin\awt.dll
0x00007ff8da2b0000 - 0x00007ff8da36c000 	C:\Windows\System32\OLEAUT32.dll
0x00007ff8d5300000 - 0x00007ff8d537a000 	C:\Windows\SYSTEM32\apphelp.dll
0x00007ff8d4b60000 - 0x00007ff8d4b86000 	C:\Windows\system32\DWMAPI.DLL
0x00007ff8d56a0000 - 0x00007ff8d5735000 	C:\Windows\system32\uxtheme.dll
0x00007ff8c3680000 - 0x00007ff8c37a3000 	C:\Windows\system32\opengl32.dll
0x00007ff8cbcd0000 - 0x00007ff8cbcfd000 	C:\Windows\SYSTEM32\GLU32.dll
0x00007ff8c1ee0000 - 0x00007ff8c1fd7000 	C:\Windows\SYSTEM32\DDRAW.dll
0x00007ff8d08d0000 - 0x00007ff8d08d8000 	C:\Windows\SYSTEM32\DCIMAN32.dll
0x00007ff8d9a70000 - 0x00007ff8d9bcb000 	C:\Windows\System32\MSCTF.dll
0x00007ff8b8b70000 - 0x00007ff8b8c08000 	C:\Program Files\Common Files\microsoft shared\ink\tiptsf.dll
0x00007ff8da170000 - 0x00007ff8da2a7000 	C:\Windows\System32\ole32.dll
0x000000006c0f0000 - 0x000000006c137000 	C:\Program Files\Java\jdk1.8.0_121\jre\bin\fontmanager.dll
0x00007ff8d7c00000 - 0x00007ff8d7c9f000 	C:\Windows\System32\clbcatq.dll
0x00007ff8d49b0000 - 0x00007ff8d4b58000 	C:\Windows\SYSTEM32\WindowsCodecs.dll
0x00007ff8d1f90000 - 0x00007ff8d1fd9000 	C:\Windows\system32\dataexchange.dll
0x00007ff8d4e80000 - 0x00007ff8d4fd1000 	C:\Windows\system32\dcomp.dll
0x00007ff8d3330000 - 0x00007ff8d35e6000 	C:\Windows\system32\d3d11.dll
0x00007ff8d5ad0000 - 0x00007ff8d5b6f000 	C:\Windows\system32\dxgi.dll
0x00007ff8d3bd0000 - 0x00007ff8d3cec000 	C:\Windows\system32\twinapi.appcore.dll
0x00007ff8d6a80000 - 0x00007ff8d6aab000 	C:\Windows\system32\bcrypt.dll
0x000000006c300000 - 0x000000006c31a000 	C:\Program Files\Java\jdk1.8.0_121\jre\bin\net.dll
0x00007ff8d6410000 - 0x00007ff8d646c000 	C:\Windows\system32\mswsock.dll
0x000000006c2e0000 - 0x000000006c2f1000 	C:\Program Files\Java\jdk1.8.0_121\jre\bin\nio.dll
0x000000006c0a0000 - 0x000000006c0e2000 	C:\Program Files\Java\jdk1.8.0_121\jre\bin\t2k.dll
0x00007ff8b89c0000 - 0x00007ff8b8b6b000 	C:\Windows\System32\uiautomationcore.dll
0x00007ff8d62a0000 - 0x00007ff8d62bf000 	C:\Windows\System32\USERENV.dll
0x00007ff8d6980000 - 0x00007ff8d6a18000 	C:\Windows\SYSTEM32\sxs.dll
0x000000006c060000 - 0x000000006c08a000 	C:\Program Files\Java\jdk1.8.0_121\jre\bin\dcpr.dll
0x00007ff8c6c90000 - 0x00007ff8c6cf5000 	C:\Windows\System32\OLEACC.dll
0x00007ff8cb3b0000 - 0x00007ff8cb42d000 	C:\Windows\SYSTEM32\twinapi.dll
0x00007ff8d19f0000 - 0x00007ff8d1a4e000 	C:\Windows\system32\Ninput.dll
0x000000006b9f0000 - 0x000000006bac1000 	C:\Users\Wendy\AppData\Local\Temp\javacpp51183677790805\msvcr100.dll
0x000000006b950000 - 0x000000006b9e8000 	C:\Users\Wendy\AppData\Local\Temp\javacpp51183677790805\msvcp100.dll
0x0000000066840000 - 0x00000000676b4000 	C:\Users\Wendy\AppData\Local\Temp\javacpp51183677790805\opencv_ffmpeg248_64.dll
0x00007ff8bf500000 - 0x00007ff8bf772000 	C:\Users\Wendy\AppData\Local\Temp\javacpp51183677790805\opencv_core248.dll
0x00007ff8bea30000 - 0x00007ff8bece2000 	C:\Users\Wendy\AppData\Local\Temp\javacpp51183677790805\opencv_imgproc248.dll
0x00007ff8be580000 - 0x00007ff8be7cd000 	C:\Users\Wendy\AppData\Local\Temp\javacpp51183677790805\opencv_highgui248.dll
0x00007ff8d08f0000 - 0x00007ff8d0910000 	C:\Windows\SYSTEM32\AVIFIL32.dll
0x00007ff8c84e0000 - 0x00007ff8c8509000 	C:\Windows\SYSTEM32\MSVFW32.dll
0x00007ff8ce730000 - 0x00007ff8ce748000 	C:\Windows\SYSTEM32\AVICAP32.dll
0x00007ff8d1870000 - 0x00007ff8d188c000 	C:\Windows\SYSTEM32\MSACM32.dll
0x00007ff8cd8d0000 - 0x00007ff8cd8e3000 	C:\Users\Wendy\AppData\Local\Temp\javacpp51183677790805\jniopencv_highgui.dll
0x00007ff8c84c0000 - 0x00007ff8c84d8000 	C:\Windows\System32\devenum.dll
0x00007ff8d9c40000 - 0x00007ff8da069000 	C:\Windows\System32\setupapi.dll
0x00007ff8d5ef0000 - 0x00007ff8d5f22000 	C:\Windows\SYSTEM32\ntmarta.dll
0x00007ff8d5740000 - 0x00007ff8d5768000 	C:\Windows\SYSTEM32\DEVOBJ.dll
0x00007ff8d7a70000 - 0x00007ff8d7ac5000 	C:\Windows\System32\WINTRUST.dll
0x00007ff8d6b40000 - 0x00007ff8d6b50000 	C:\Windows\System32\MSASN1.dll
0x00007ff8d6f80000 - 0x00007ff8d7148000 	C:\Windows\System32\CRYPT32.dll
0x00007ff8d1860000 - 0x00007ff8d186a000 	C:\Windows\SYSTEM32\msdmo.dll
0x00007ff8c8430000 - 0x00007ff8c8463000 	C:\Windows\System32\qcap.dll
0x00007ff8bcd80000 - 0x00007ff8bcf43000 	C:\Windows\System32\quartz.dll
0x00007ff8c7010000 - 0x00007ff8c7058000 	C:\Windows\System32\mfksproxy.dll
0x00007ff8cd2d0000 - 0x00007ff8cd2ec000 	C:\Windows\System32\ATL.DLL
0x00007ff8b8270000 - 0x00007ff8b83d8000 	C:\Windows\System32\MFPlat.DLL
0x00007ff8d42d0000 - 0x00007ff8d42fe000 	C:\Windows\System32\RTWorkQ.DLL
0x00007ff8b63f0000 - 0x00007ff8b67db000 	C:\Windows\System32\MFCORE.dll
0x00007ff8d3e50000 - 0x00007ff8d3e59000 	C:\Windows\System32\ksuser.dll
0x00007ff8d65b0000 - 0x00007ff8d65bb000 	C:\Windows\System32\CRYPTBASE.DLL
0x00007ff8c6fb0000 - 0x00007ff8c7002000 	C:\Windows\System32\FSClient.dll
0x00007ff8b4bb0000 - 0x00007ff8b4bfd000 	C:\Windows\System32\MFSENSORGROUP.dll
0x00007ff8d4bb0000 - 0x00007ff8d4bbb000 	C:\Windows\System32\AVRT.dll
0x00007ff8d08e0000 - 0x00007ff8d08ed000 	C:\Windows\System32\vidcap.ax
0x00007ff8c83a0000 - 0x00007ff8c83c5000 	C:\Windows\System32\kswdmcap.ax
0x00007ff8bfb70000 - 0x00007ff8bfcd3000 	C:\Windows\System32\MFC42.dll
0x00007ff8c1d00000 - 0x00007ff8c1daf000 	C:\Windows\System32\ODBC32.dll
0x00007ff8d6060000 - 0x00007ff8d606a000 	C:\Windows\System32\DPAPI.dll
0x00007ff8d0c40000 - 0x00007ff8d0c83000 	C:\Windows\SYSTEM32\policymanager.dll
0x00007ff8d4650000 - 0x00007ff8d46e1000 	C:\Windows\System32\msvcp110_win.dll
0x00007ff8bf420000 - 0x00007ff8bf4f4000 	C:\Windows\System32\MFReadWrite.dll
0x00007ff8c0720000 - 0x00007ff8c07c3000 	C:\Windows\System32\qedit.dll
0x00007ff8da070000 - 0x00007ff8da16a000 	C:\Windows\System32\COMDLG32.dll
0x00007ff8c7060000 - 0x00007ff8c71f9000 	C:\Windows\WinSxS\amd64_microsoft.windows.gdiplus_6595b64144ccf1df_1.1.14393.0_none_acd6c01ad1498de0\gdiplus.dll
0x00007ff8d01d0000 - 0x00007ff8d01dc000 	C:\Windows\SYSTEM32\msyuv.dll
0x00007ff8be4e0000 - 0x00007ff8be57a000 	C:\Users\Wendy\AppData\Local\Temp\javacpp51183677790805\jniopencv_core.dll
0x00007ff8d65c0000 - 0x00007ff8d65d7000 	C:\Windows\SYSTEM32\CRYPTSP.dll
0x00007ff8d6020000 - 0x00007ff8d6053000 	C:\Windows\system32\rsaenh.dll
0x00007ff8d61a0000 - 0x00007ff8d61d8000 	C:\Windows\SYSTEM32\IPHLPAPI.DLL
0x00007ff8d9a60000 - 0x00007ff8d9a68000 	C:\Windows\System32\NSI.dll
0x00007ff8d0150000 - 0x00007ff8d0166000 	C:\Windows\SYSTEM32\dhcpcsvc6.DLL
0x00007ff8d1070000 - 0x00007ff8d108a000 	C:\Windows\SYSTEM32\dhcpcsvc.DLL
0x000000006b910000 - 0x000000006b941000 	C:\Program Files\Java\jdk1.8.0_121\jre\bin\jpeg.dll
0x00007ff8d24a0000 - 0x00007ff8d2632000 	C:\Windows\SYSTEM32\dbghelp.dll

VM Arguments:
jvm_args: -Dfile.encoding=UTF-8 
java_command: proyecto_final.Proyecto_Final
java_class_path (initial): C:\Users\Wendy\Desktop\ffmpeg-2.1.1-windows-x86.jar;C:\Users\Wendy\Desktop\ffmpeg-2.1.1-windows-x86_64.jar;C:\Users\Wendy\Desktop\javacpp.jar;C:\Users\Wendy\Desktop\javacv-windows-x86.jar;C:\Users\Wendy\Desktop\javacv-windows-x86_64.jar;C:\Users\Wendy\Desktop\javacv.jar;C:\Users\Wendy\Desktop\opencv-2.4.8-windows-x86.jar;C:\Users\Wendy\Desktop\opencv-2.4.8-windows-x86_64.jar;C:\Users\Wendy\Desktop\Proyecto_Final\build\classes
Launcher Type: SUN_STANDARD

Environment Variables:
PATH=C:\ProgramData\Oracle\Java\javapath;C:\Windows\system32;C:\Windows;C:\Windows\System32\Wbem;C:\Windows\System32\WindowsPowerShell\v1.0\;C:\Users\Wendy\AppData\Local\Microsoft\WindowsApps;
USERNAME=Wendy
OS=Windows_NT
PROCESSOR_IDENTIFIER=Intel64 Family 6 Model 76 Stepping 3, GenuineIntel



---------------  S Y S T E M  ---------------

OS: Windows 10.0 , 64 bit Build 14393 (10.0.14393.0)

CPU:total 2 (2 cores per cpu, 1 threads per core) family 6 model 76 stepping 3, cmov, cx8, fxsr, mmx, sse, sse2, sse3, ssse3, sse4.1, sse4.2, popcnt, aes, clmul, erms, 3dnowpref, tsc, tscinvbit

Memory: 4k page, physical 4048184k(1533960k free), swap 5489976k(2029844k free)

vm_info: Java HotSpot(TM) 64-Bit Server VM (25.121-b13) for windows-amd64 JRE (1.8.0_121-b13), built on Dec 12 2016 18:21:36 by "java_re" with MS VC++ 10.0 (VS2010)

time: Sat Apr 15 18:41:26 2017
elapsed time: 181 seconds (0d 0h 3m 1s)

