#
# A fatal error has been detected by the Java Runtime Environment:
#
#  Internal Error (0xc000000d), pid=444, tid=0x000000000000017c
#
# JRE version: Java(TM) SE Runtime Environment (8.0_121-b13) (build 1.8.0_121-b13)
# Java VM: Java HotSpot(TM) 64-Bit Server VM (25.121-b13 mixed mode windows-amd64 compressed oops)
# Problematic frame:
# C  [ntdll.dll+0xfe5ac]
#
# Failed to write core dump. Minidumps are not enabled by default on client versions of Windows
#
# If you would like to submit a bug report, please visit:
#   http://bugreport.java.com/bugreport/crash.jsp
#

---------------  T H R E A D  ---------------

Current thread (0x0000000014bc6000):  VMThread [stack: 0x0000000015640000,0x0000000015740000] [id=380]

siginfo: ExceptionCode=0xc000000d

Registers:
RAX=0x000000006c58cc1b, RBX=0x00000000026c6a40, RCX=0x000000000000000c, RDX=0x000000006ccafe88
RSP=0x000000001573e7a0, RBP=0x0000000000000000, RSI=0x000000001862fe40, RDI=0x0000000018635910
R8 =0x00000000000083b0, R9 =0x000000001784d080, R10=0x0000000015730000, R11=0x00000000000083b0
R12=0x0000000000000000, R13=0x00000000ffffffff, R14=0x0000000018630d90, R15=0x000000001862fe40
RIP=0x00007ff8da73e5ac, EFLAGS=0x0000000000000206

Top of Stack: (sp=0x000000001573e7a0)
0x000000001573e7a0:   0000000000000057 00000000026c6a40
0x000000001573e7b0:   000000001862fe40 0000000018635910
0x000000001573e7c0:   00000000c000000d 0000000000000000
0x000000001573e7d0:   00007ff8da73e5ac 0000000000000000
0x000000001573e7e0:   0000000000000000 0000000000000000
0x000000001573e7f0:   0000000000000000 0000000000000000
0x000000001573e800:   0000000000000000 0000000000000000
0x000000001573e810:   0000000000000000 0000000000000000
0x000000001573e820:   0000000000000000 0000000000000000
0x000000001573e830:   0000000000000000 0000000000000000
0x000000001573e840:   0000000000000000 0000000000000000
0x000000001573e850:   0000000000000000 0000000000000000
0x000000001573e860:   00009cd244984191 0000000000000000
0x000000001573e870:   0000000000000000 00007ff8da7009fb
0x000000001573e880:   0000000000000000 00007ff8c1e1e8db
0x000000001573e890:   0000000000000000 0000000000000000 

Instructions: (pc=0x00007ff8da73e5ac)
0x00007ff8da73e58c:   d1 fa ff c7 44 24 20 0d 00 00 c0 b9 57 00 00 00
0x00007ff8da73e59c:   e8 df 0f f6 ff 90 48 8d 4c 24 20 e8 64 bb f4 ff
0x00007ff8da73e5ac:   eb 00 48 8b 8c 24 c0 00 00 00 48 33 cc e8 92 70
0x00007ff8da73e5bc:   f9 ff 48 81 c4 d8 00 00 00 c3 40 55 48 83 ec 20 


Register to memory mapping:

RAX=0x000000006c58cc1b is an unknown value
RBX=0x00000000026c6a40 is an unknown value
RCX=0x000000000000000c is an unknown value
RDX=0x000000006ccafe88 is an unknown value
RSP=0x000000001573e7a0 is an unknown value
RBP=0x0000000000000000 is an unknown value
RSI=0x000000001862fe40 is an unknown value
RDI=0x0000000018635910 is an unknown value
R8 =0x00000000000083b0 is an unknown value
R9 =0x000000001784d080 is an unknown value
R10=0x0000000015730000 is an unknown value
R11=0x00000000000083b0 is an unknown value
R12=0x0000000000000000 is an unknown value
R13=0x00000000ffffffff is an unknown value
R14=0x0000000018630d90 is an unknown value
R15=0x000000001862fe40 is an unknown value


Stack: [0x0000000015640000,0x0000000015740000],  sp=0x000000001573e7a0,  free space=1017k
Native frames: (J=compiled Java code, j=interpreted, Vv=VM code, C=native code)

VM_Operation (0x000000001711d4d0): Exit, mode: safepoint, requested by thread 0x0000000016824000


---------------  P R O C E S S  ---------------

Java Threads: ( => current thread )
  0x0000000016579800 JavaThread "Thread-4" [_thread_blocked, id=3228, stack(0x0000000019ff0000,0x000000001a0f0000)]
  0x0000000016566800 JavaThread "Thread-2" [_thread_in_native, id=7260, stack(0x0000000019cf0000,0x0000000019df0000)]
  0x0000000017155000 JavaThread "TimerQueue" daemon [_thread_blocked, id=2136, stack(0x0000000019bf0000,0x0000000019cf0000)]
  0x00000000027c0800 JavaThread "DestroyJavaVM" [_thread_blocked, id=7676, stack(0x00000000025c0000,0x00000000026c0000)]
  0x0000000016824000 JavaThread "AWT-EventQueue-0" [_thread_blocked, id=968, stack(0x0000000017020000,0x0000000017120000)]
  0x00000000167b3800 JavaThread "AWT-Shutdown" [_thread_blocked, id=6960, stack(0x0000000016a10000,0x0000000016b10000)]
  0x00000000167a2800 JavaThread "Java2D Disposer" daemon [_thread_blocked, id=3384, stack(0x0000000016840000,0x0000000016940000)]
  0x0000000014c5a800 JavaThread "Service Thread" daemon [_thread_blocked, id=1736, stack(0x0000000015e50000,0x0000000015f50000)]
  0x0000000014bf6800 JavaThread "C1 CompilerThread1" daemon [_thread_blocked, id=6464, stack(0x0000000015d50000,0x0000000015e50000)]
  0x0000000014bf4800 JavaThread "C2 CompilerThread0" daemon [_thread_blocked, id=4392, stack(0x0000000015c50000,0x0000000015d50000)]
  0x0000000014c04800 JavaThread "Attach Listener" daemon [_thread_blocked, id=1668, stack(0x0000000015b50000,0x0000000015c50000)]
  0x0000000014be8800 JavaThread "Finalizer" daemon [_thread_blocked, id=6164, stack(0x0000000015840000,0x0000000015940000)]
  0x00000000028ae000 JavaThread "Reference Handler" daemon [_thread_blocked, id=4668, stack(0x0000000015740000,0x0000000015840000)]

Other Threads:
=>0x0000000014bc6000 VMThread [stack: 0x0000000015640000,0x0000000015740000] [id=380]

VM state:at safepoint (shutting down)

VM Mutex/Monitor currently owned by a thread:  ([mutex/lock_event])
[0x0000000000e5bb00] Threads_lock - owner thread: 0x0000000014bc6000

Heap:
 PSYoungGen      total 314880K, used 64594K [0x00000000eb600000, 0x0000000100000000, 0x0000000100000000)
  eden space 293888K, 15% used [0x00000000eb600000,0x00000000ee2d8338,0x00000000fd500000)
  from space 20992K, 88% used [0x00000000fd500000,0x00000000fe73c6e0,0x00000000fe980000)
  to   space 22528K, 0% used [0x00000000fea00000,0x00000000fea00000,0x0000000100000000)
 ParOldGen       total 51200K, used 32224K [0x00000000c2200000, 0x00000000c5400000, 0x00000000eb600000)
  object space 51200K, 62% used [0x00000000c2200000,0x00000000c4178028,0x00000000c5400000)
 Metaspace       used 17831K, capacity 18032K, committed 18304K, reserved 1064960K
  class space    used 2080K, capacity 2156K, committed 2176K, reserved 1048576K

Card table byte_map: [0x0000000011c80000,0x0000000011e70000] byte_map_base: 0x000000001166f000

Marking Bits: (ParMarkBitMap*) 0x000000006ccbb6d0
 Begin Bits: [0x00000000121c0000, 0x0000000013138000)
 End Bits:   [0x0000000013138000, 0x00000000140b0000)

Polling page: 0x0000000000da0000

CodeCache: size=245760Kb used=12670Kb max_used=12780Kb free=233089Kb
 bounds [0x00000000028c0000, 0x00000000035b0000, 0x00000000118c0000]
 total_blobs=3914 nmethods=3352 adapters=473
 compilation: enabled

Compilation events (10 events):
Event: 222.310 Thread 0x0000000014bf6800 3852       1       java.awt.event.MouseEvent::getYOnScreen (5 bytes)
Event: 222.310 Thread 0x0000000014bf6800 nmethod 3852 0x0000000002c6e010 code [0x0000000002c6e160, 0x0000000002c6e270]
Event: 222.317 Thread 0x0000000014bf6800 3853   !   3       javax.swing.RepaintManager::addDirtyRegion0 (205 bytes)
Event: 222.320 Thread 0x0000000014bf6800 nmethod 3853 0x0000000002c857d0 code [0x0000000002c85aa0, 0x0000000002c87598]
Event: 222.879 Thread 0x0000000014bf6800 3854       3       javax.swing.RepaintManager$4::run (5 bytes)
Event: 222.879 Thread 0x0000000014bf6800 nmethod 3854 0x0000000002ce45d0 code [0x0000000002ce4740, 0x0000000002ce48c8]
Event: 222.959 Thread 0x0000000014bf6800 3855   !   3       javax.swing.RepaintManager$4::run (278 bytes)
Event: 222.963 Thread 0x0000000014bf6800 nmethod 3855 0x0000000002beff10 code [0x0000000002bf01e0, 0x0000000002bf1878]
Event: 223.661 Thread 0x0000000014bf4800 3856       4       java.awt.geom.AffineTransform::translate (547 bytes)
Event: 223.667 Thread 0x0000000014bf4800 nmethod 3856 0x0000000002ebadd0 code [0x0000000002ebaf60, 0x0000000002ebb2c8]

GC Heap History (10 events):
Event: 216.456 GC heap before
{Heap before GC invocations=46 (full 0):
 PSYoungGen      total 316416K, used 307477K [0x00000000eb600000, 0x00000000fff00000, 0x0000000100000000)
  eden space 294912K, 100% used [0x00000000eb600000,0x00000000fd600000,0x00000000fd600000)
  from space 21504K, 58% used [0x00000000fd600000,0x00000000fe2456a0,0x00000000feb00000)
  to   space 20480K, 0% used [0x00000000feb00000,0x00000000feb00000,0x00000000fff00000)
 ParOldGen       total 42496K, used 38534K [0x00000000c2200000, 0x00000000c4b80000, 0x00000000eb600000)
  object space 42496K, 90% used [0x00000000c2200000,0x00000000c47a1958,0x00000000c4b80000)
 Metaspace       used 17798K, capacity 18032K, committed 18304K, reserved 1064960K
  class space    used 2077K, capacity 2156K, committed 2176K, reserved 1048576K
Event: 216.566 GC heap after
Heap after GC invocations=46 (full 0):
 PSYoungGen      total 313344K, used 19146K [0x00000000eb600000, 0x0000000100000000, 0x0000000100000000)
  eden space 292864K, 0% used [0x00000000eb600000,0x00000000eb600000,0x00000000fd400000)
  from space 20480K, 93% used [0x00000000feb00000,0x00000000ffdb2868,0x00000000fff00000)
  to   space 22528K, 0% used [0x00000000fd400000,0x00000000fd400000,0x00000000fea00000)
 ParOldGen       total 42496K, used 39454K [0x00000000c2200000, 0x00000000c4b80000, 0x00000000eb600000)
  object space 42496K, 92% used [0x00000000c2200000,0x00000000c4887958,0x00000000c4b80000)
 Metaspace       used 17798K, capacity 18032K, committed 18304K, reserved 1064960K
  class space    used 2077K, capacity 2156K, committed 2176K, reserved 1048576K
}
Event: 218.301 GC heap before
{Heap before GC invocations=47 (full 0):
 PSYoungGen      total 313344K, used 312010K [0x00000000eb600000, 0x0000000100000000, 0x0000000100000000)
  eden space 292864K, 100% used [0x00000000eb600000,0x00000000fd400000,0x00000000fd400000)
  from space 20480K, 93% used [0x00000000feb00000,0x00000000ffdb2868,0x00000000fff00000)
  to   space 22528K, 0% used [0x00000000fd400000,0x00000000fd400000,0x00000000fea00000)
 ParOldGen       total 42496K, used 39974K [0x00000000c2200000, 0x00000000c4b80000, 0x00000000eb600000)
  object space 42496K, 94% used [0x00000000c2200000,0x00000000c49099a8,0x00000000c4b80000)
 Metaspace       used 17798K, capacity 18032K, committed 18304K, reserved 1064960K
  class space    used 2077K, capacity 2156K, committed 2176K, reserved 1048576K
Event: 218.397 GC heap after
Heap after GC invocations=47 (full 0):
 PSYoungGen      total 315392K, used 12772K [0x00000000eb600000, 0x0000000100000000, 0x0000000100000000)
  eden space 292864K, 0% used [0x00000000eb600000,0x00000000eb600000,0x00000000fd400000)
  from space 22528K, 56% used [0x00000000fd400000,0x00000000fe079048,0x00000000fea00000)
  to   space 21504K, 0% used [0x00000000feb00000,0x00000000feb00000,0x0000000100000000)
 ParOldGen       total 42496K, used 40542K [0x00000000c2200000, 0x00000000c4b80000, 0x00000000eb600000)
  object space 42496K, 95% used [0x00000000c2200000,0x00000000c49979b8,0x00000000c4b80000)
 Metaspace       used 17798K, capacity 18032K, committed 18304K, reserved 1064960K
  class space    used 2077K, capacity 2156K, committed 2176K, reserved 1048576K
}
Event: 220.262 GC heap before
{Heap before GC invocations=48 (full 0):
 PSYoungGen      total 315392K, used 305636K [0x00000000eb600000, 0x0000000100000000, 0x0000000100000000)
  eden space 292864K, 100% used [0x00000000eb600000,0x00000000fd400000,0x00000000fd400000)
  from space 22528K, 56% used [0x00000000fd400000,0x00000000fe079048,0x00000000fea00000)
  to   space 21504K, 0% used [0x00000000feb00000,0x00000000feb00000,0x0000000100000000)
 ParOldGen       total 45056K, used 42971K [0x00000000c2200000, 0x00000000c4e00000, 0x00000000eb600000)
  object space 45056K, 95% used [0x00000000c2200000,0x00000000c4bf6f98,0x00000000c4e00000)
 Metaspace       used 17801K, capacity 18032K, committed 18304K, reserved 1064960K
  class space    used 2077K, capacity 2156K, committed 2176K, reserved 1048576K
Event: 220.342 GC heap after
Heap after GC invocations=48 (full 0):
 PSYoungGen      total 313344K, used 11205K [0x00000000eb600000, 0x00000000ffe00000, 0x0000000100000000)
  eden space 293888K, 0% used [0x00000000eb600000,0x00000000eb600000,0x00000000fd500000)
  from space 19456K, 57% used [0x00000000feb00000,0x00000000ff5f1410,0x00000000ffe00000)
  to   space 20992K, 0% used [0x00000000fd500000,0x00000000fd500000,0x00000000fe980000)
 ParOldGen       total 45056K, used 43539K [0x00000000c2200000, 0x00000000c4e00000, 0x00000000eb600000)
  object space 45056K, 96% used [0x00000000c2200000,0x00000000c4c84fa8,0x00000000c4e00000)
 Metaspace       used 17801K, capacity 18032K, committed 18304K, reserved 1064960K
  class space    used 2077K, capacity 2156K, committed 2176K, reserved 1048576K
}
Event: 220.342 GC heap before
{Heap before GC invocations=49 (full 1):
 PSYoungGen      total 313344K, used 11205K [0x00000000eb600000, 0x00000000ffe00000, 0x0000000100000000)
  eden space 293888K, 0% used [0x00000000eb600000,0x00000000eb600000,0x00000000fd500000)
  from space 19456K, 57% used [0x00000000feb00000,0x00000000ff5f1410,0x00000000ffe00000)
  to   space 20992K, 0% used [0x00000000fd500000,0x00000000fd500000,0x00000000fe980000)
 ParOldGen       total 45056K, used 43539K [0x00000000c2200000, 0x00000000c4e00000, 0x00000000eb600000)
  object space 45056K, 96% used [0x00000000c2200000,0x00000000c4c84fa8,0x00000000c4e00000)
 Metaspace       used 17801K, capacity 18032K, committed 18304K, reserved 1064960K
  class space    used 2077K, capacity 2156K, committed 2176K, reserved 1048576K
Event: 221.074 GC heap after
Heap after GC invocations=49 (full 1):
 PSYoungGen      total 313344K, used 0K [0x00000000eb600000, 0x00000000ffe00000, 0x0000000100000000)
  eden space 293888K, 0% used [0x00000000eb600000,0x00000000eb600000,0x00000000fd500000)
  from space 19456K, 0% used [0x00000000feb00000,0x00000000feb00000,0x00000000ffe00000)
  to   space 20992K, 0% used [0x00000000fd500000,0x00000000fd500000,0x00000000fe980000)
 ParOldGen       total 51200K, used 32216K [0x00000000c2200000, 0x00000000c5400000, 0x00000000eb600000)
  object space 51200K, 62% used [0x00000000c2200000,0x00000000c4176028,0x00000000c5400000)
 Metaspace       used 17801K, capacity 18032K, committed 18304K, reserved 1064960K
  class space    used 2077K, capacity 2156K, committed 2176K, reserved 1048576K
}
Event: 223.752 GC heap before
{Heap before GC invocations=50 (full 1):
 PSYoungGen      total 313344K, used 293888K [0x00000000eb600000, 0x00000000ffe00000, 0x0000000100000000)
  eden space 293888K, 100% used [0x00000000eb600000,0x00000000fd500000,0x00000000fd500000)
  from space 19456K, 0% used [0x00000000feb00000,0x00000000feb00000,0x00000000ffe00000)
  to   space 20992K, 0% used [0x00000000fd500000,0x00000000fd500000,0x00000000fe980000)
 ParOldGen       total 51200K, used 32216K [0x00000000c2200000, 0x00000000c5400000, 0x00000000eb600000)
  object space 51200K, 62% used [0x00000000c2200000,0x00000000c4176028,0x00000000c5400000)
 Metaspace       used 17801K, capacity 18032K, committed 18304K, reserved 1064960K
  class space    used 2077K, capacity 2156K, committed 2176K, reserved 1048576K
Event: 223.875 GC heap after
Heap after GC invocations=50 (full 1):
 PSYoungGen      total 314880K, used 18673K [0x00000000eb600000, 0x0000000100000000, 0x0000000100000000)
  eden space 293888K, 0% used [0x00000000eb600000,0x00000000eb600000,0x00000000fd500000)
  from space 20992K, 88% used [0x00000000fd500000,0x00000000fe73c6e0,0x00000000fe980000)
  to   space 22528K, 0% used [0x00000000fea00000,0x00000000fea00000,0x0000000100000000)
 ParOldGen       total 51200K, used 32224K [0x00000000c2200000, 0x00000000c5400000, 0x00000000eb600000)
  object space 51200K, 62% used [0x00000000c2200000,0x00000000c4178028,0x00000000c5400000)
 Metaspace       used 17801K, capacity 18032K, committed 18304K, reserved 1064960K
  class space    used 2077K, capacity 2156K, committed 2176K, reserved 1048576K
}

Deoptimization events (10 events):
Event: 220.010 Thread 0x0000000016824000 Uncommon trap: reason=unstable_if action=reinterpret pc=0x0000000003411740 method=sun.awt.image.VolatileSurfaceManager.validate(Ljava/awt/GraphicsConfiguration;)I @ 180
Event: 220.112 Thread 0x0000000016824000 Uncommon trap: reason=class_check action=maybe_recompile pc=0x000000000348ee00 method=java.awt.EventQueue.dispatchEventImpl(Ljava/awt/AWTEvent;Ljava/lang/Object;)V @ 30
Event: 220.149 Thread 0x0000000016824000 Uncommon trap: reason=unstable_if action=reinterpret pc=0x000000000350dbc4 method=javax.swing.SwingUtilities.computeIntersection(IIIILjava/awt/Rectangle;)Ljava/awt/Rectangle; @ 62
Event: 220.158 Thread 0x0000000016824000 Uncommon trap: reason=unstable_if action=reinterpret pc=0x0000000002ee9e64 method=javax.swing.SwingUtilities.computeIntersection(IIIILjava/awt/Rectangle;)Ljava/awt/Rectangle; @ 62
Event: 220.237 Thread 0x0000000016824000 Uncommon trap: reason=unstable_if action=reinterpret pc=0x0000000003453758 method=java.awt.geom.AffineTransform.updateState()V @ 148
Event: 220.237 Thread 0x0000000016824000 Uncommon trap: reason=unstable_if action=reinterpret pc=0x0000000002fa16d8 method=java.awt.geom.AffineTransform.translate(DD)V @ 249
Event: 220.237 Thread 0x0000000016824000 Uncommon trap: reason=unstable_if action=reinterpret pc=0x000000000341ccbc method=java.awt.geom.AffineTransform.updateState()V @ 42
Event: 220.250 Thread 0x0000000016824000 Uncommon trap: reason=unstable_if action=reinterpret pc=0x000000000341faec method=javax.swing.SwingUtilities.computeUnion(IIIILjava/awt/Rectangle;)Ljava/awt/Rectangle; @ 62
Event: 221.218 Thread 0x0000000016824000 Uncommon trap: reason=unstable_if action=reinterpret pc=0x000000000341b2ac method=java.awt.geom.AffineTransform.updateState()V @ 42
Event: 224.307 Thread 0x0000000016824000 Uncommon trap: reason=unstable_if action=reinterpret pc=0x0000000002d3ce70 method=sun.awt.GlobalCursorManager._updateCursor(Z)V @ 37

Internal exceptions (10 events):
Event: 2.870 Thread 0x00000000027c0800 Exception <a 'java/lang/ClassNotFoundException': TreeCell> (0x00000000eba88658) thrown at [C:\re\workspace\8-2-build-windows-amd64-cygwin\jdk8u121\8372\hotspot\src\share\vm\classfile\systemDictionary.cpp, line 210]
Event: 2.873 Thread 0x00000000027c0800 Exception <a 'java/lang/ClassNotFoundException': RootPane> (0x00000000eba88e78) thrown at [C:\re\workspace\8-2-build-windows-amd64-cygwin\jdk8u121\8372\hotspot\src\share\vm\classfile\systemDictionary.cpp, line 210]
Event: 96.573 Thread 0x000000001654e800 Exception <a 'java/lang/NullPointerException'> (0x00000000ebe6f008) thrown at [C:\re\workspace\8-2-build-windows-amd64-cygwin\jdk8u121\8372\hotspot\src\share\vm\interpreter\linkResolver.cpp, line 1178]
Event: 128.996 Thread 0x0000000016579800 Exception <a 'java/lang/NoSuchMethodError': <clinit>> (0x00000000ec3d27b8) thrown at [C:\re\workspace\8-2-build-windows-amd64-cygwin\jdk8u121\8372\hotspot\src\share\vm\prims\jni.cpp, line 1613]
Event: 129.003 Thread 0x0000000016579800 Exception <a 'java/lang/NoSuchMethodError': <clinit>> (0x00000000ec3df338) thrown at [C:\re\workspace\8-2-build-windows-amd64-cygwin\jdk8u121\8372\hotspot\src\share\vm\prims\jni.cpp, line 1613]
Event: 129.008 Thread 0x0000000016579800 Exception <a 'java/lang/NoSuchMethodError': <clinit>> (0x00000000ec3e58d8) thrown at [C:\re\workspace\8-2-build-windows-amd64-cygwin\jdk8u121\8372\hotspot\src\share\vm\prims\jni.cpp, line 1613]
Event: 140.610 Thread 0x0000000016824000 Implicit null exception at 0x000000000326fad3 to 0x0000000003270749
Event: 144.826 Thread 0x0000000016566800 Implicit null exception at 0x000000000302f36f to 0x0000000003031379
Event: 224.307 Thread 0x0000000016824000 Implicit null exception at 0x0000000002d3c774 to 0x0000000002d3ce51
Event: 224.334 Thread 0x0000000019135000 Exception <a 'java/io/IOException': Stream Closed> (0x00000000edc0a390) thrown at [C:\re\workspace\8-2-build-windows-amd64-cygwin\jdk8u121\8372\hotspot\src\share\vm\prims\jni.cpp, line 735]

Events (10 events):
Event: 224.334 Thread 0x0000000019135000 Thread exited: 0x0000000019135000
Event: 224.363 Thread 0x00000000167b5800 Thread exited: 0x00000000167b5800
Event: 224.379 loading class java/lang/ProcessImpl$2
Event: 224.379 loading class java/lang/ProcessImpl$2 done
Event: 224.380 Thread 0x0000000018b2a000 Thread exited: 0x0000000018b2a000
Event: 224.432 Thread 0x0000000019134800 Thread exited: 0x0000000019134800
Event: 224.432 Executing VM operation: RevokeBias
Event: 224.433 Executing VM operation: RevokeBias done
Event: 224.447 Thread 0x0000000014c01000 Thread exited: 0x0000000014c01000
Event: 224.448 Executing VM operation: Exit


Dynamic libraries:
0x00007ff6012b0000 - 0x00007ff6012e7000 	C:\Program Files\Java\jdk1.8.0_121\bin\java.exe
0x00007ff8da640000 - 0x00007ff8da811000 	C:\Windows\SYSTEM32\ntdll.dll
0x00007ff8da410000 - 0x00007ff8da4bb000 	C:\Windows\System32\KERNEL32.DLL
0x00007ff8d6d60000 - 0x00007ff8d6f7d000 	C:\Windows\System32\KERNELBASE.dll
0x00007ff8d9790000 - 0x00007ff8d9832000 	C:\Windows\System32\ADVAPI32.dll
0x00007ff8da370000 - 0x00007ff8da40e000 	C:\Windows\System32\msvcrt.dll
0x00007ff8d9860000 - 0x00007ff8d98b9000 	C:\Windows\System32\sechost.dll
0x00007ff8d9650000 - 0x00007ff8d9771000 	C:\Windows\System32\RPCRT4.dll
0x00007ff8da4c0000 - 0x00007ff8da625000 	C:\Windows\System32\USER32.dll
0x00007ff8d7200000 - 0x00007ff8d721e000 	C:\Windows\System32\win32u.dll
0x00007ff8d8040000 - 0x00007ff8d8074000 	C:\Windows\System32\GDI32.dll
0x00007ff8d6bd0000 - 0x00007ff8d6d52000 	C:\Windows\System32\gdi32full.dll
0x00007ff8d1fe0000 - 0x00007ff8d2259000 	C:\Windows\WinSxS\amd64_microsoft.windows.common-controls_6595b64144ccf1df_6.0.14393.0_none_2d0f50fcbdb171b8\COMCTL32.dll
0x00007ff8d7d10000 - 0x00007ff8d7fd7000 	C:\Windows\System32\combase.dll
0x00007ff8d7ad0000 - 0x00007ff8d7bc5000 	C:\Windows\System32\ucrtbase.dll
0x00007ff8d7220000 - 0x00007ff8d728a000 	C:\Windows\System32\bcryptPrimitives.dll
0x00007ff8d7bd0000 - 0x00007ff8d7bfe000 	C:\Windows\System32\IMM32.DLL
0x000000006c3c0000 - 0x000000006c492000 	C:\Program Files\Java\jdk1.8.0_121\jre\bin\msvcr100.dll
0x000000006c4a0000 - 0x000000006cd3b000 	C:\Program Files\Java\jdk1.8.0_121\jre\bin\server\jvm.dll
0x00007ff8da630000 - 0x00007ff8da638000 	C:\Windows\System32\PSAPI.DLL
0x00007ff8d4c30000 - 0x00007ff8d4c39000 	C:\Windows\SYSTEM32\WSOCK32.dll
0x00007ff8d9bd0000 - 0x00007ff8d9c3a000 	C:\Windows\System32\WS2_32.dll
0x00007ff8d46f0000 - 0x00007ff8d4713000 	C:\Windows\SYSTEM32\WINMM.dll
0x00007ff8cac80000 - 0x00007ff8cac8a000 	C:\Windows\SYSTEM32\VERSION.dll
0x00007ff8d3ba0000 - 0x00007ff8d3bcb000 	C:\Windows\SYSTEM32\WINMMBASE.dll
0x00007ff8d7290000 - 0x00007ff8d72d2000 	C:\Windows\System32\cfgmgr32.dll
0x000000006c370000 - 0x000000006c37f000 	C:\Program Files\Java\jdk1.8.0_121\jre\bin\verify.dll
0x000000006c340000 - 0x000000006c369000 	C:\Program Files\Java\jdk1.8.0_121\jre\bin\java.dll
0x000000006c320000 - 0x000000006c336000 	C:\Program Files\Java\jdk1.8.0_121\jre\bin\zip.dll
0x00007ff8d8080000 - 0x00007ff8d9588000 	C:\Windows\System32\SHELL32.dll
0x00007ff8d7390000 - 0x00007ff8d7a6a000 	C:\Windows\System32\windows.storage.dll
0x00007ff8d6b50000 - 0x00007ff8d6b9c000 	C:\Windows\System32\powrprof.dll
0x00007ff8d9590000 - 0x00007ff8d95e2000 	C:\Windows\System32\shlwapi.dll
0x00007ff8d6ba0000 - 0x00007ff8d6baf000 	C:\Windows\System32\kernel.appcore.dll
0x00007ff8d72e0000 - 0x00007ff8d7389000 	C:\Windows\System32\shcore.dll
0x00007ff8d6bb0000 - 0x00007ff8d6bc4000 	C:\Windows\System32\profapi.dll
0x000000006c140000 - 0x000000006c2d8000 	C:\Program Files\Java\jdk1.8.0_121\jre\bin\awt.dll
0x00007ff8da2b0000 - 0x00007ff8da36c000 	C:\Windows\System32\OLEAUT32.dll
0x00007ff8d5300000 - 0x00007ff8d537a000 	C:\Windows\SYSTEM32\apphelp.dll
0x00007ff8d4b60000 - 0x00007ff8d4b86000 	C:\Windows\system32\DWMAPI.DLL
0x00007ff8d56a0000 - 0x00007ff8d5735000 	C:\Windows\system32\uxtheme.dll
0x00007ff8c3680000 - 0x00007ff8c37a3000 	C:\Windows\system32\opengl32.dll
0x00007ff8cbcd0000 - 0x00007ff8cbcfd000 	C:\Windows\SYSTEM32\GLU32.dll
0x00007ff8c1ee0000 - 0x00007ff8c1fd7000 	C:\Windows\SYSTEM32\DDRAW.dll
0x00007ff8d08d0000 - 0x00007ff8d08d8000 	C:\Windows\SYSTEM32\DCIMAN32.dll
0x00007ff8d9a70000 - 0x00007ff8d9bcb000 	C:\Windows\System32\MSCTF.dll
0x00007ff8b8b70000 - 0x00007ff8b8c08000 	C:\Program Files\Common Files\microsoft shared\ink\tiptsf.dll
0x00007ff8da170000 - 0x00007ff8da2a7000 	C:\Windows\System32\ole32.dll
0x000000006c0f0000 - 0x000000006c137000 	C:\Program Files\Java\jdk1.8.0_121\jre\bin\fontmanager.dll
0x00007ff8d7c00000 - 0x00007ff8d7c9f000 	C:\Windows\System32\clbcatq.dll
0x00007ff8d49b0000 - 0x00007ff8d4b58000 	C:\Windows\SYSTEM32\WindowsCodecs.dll
0x00007ff8d1f90000 - 0x00007ff8d1fd9000 	C:\Windows\system32\dataexchange.dll
0x00007ff8d3330000 - 0x00007ff8d35e6000 	C:\Windows\system32\d3d11.dll
0x00007ff8d4e80000 - 0x00007ff8d4fd1000 	C:\Windows\system32\dcomp.dll
0x00007ff8d5ad0000 - 0x00007ff8d5b6f000 	C:\Windows\system32\dxgi.dll
0x00007ff8d3bd0000 - 0x00007ff8d3cec000 	C:\Windows\system32\twinapi.appcore.dll
0x00007ff8d6a80000 - 0x00007ff8d6aab000 	C:\Windows\system32\bcrypt.dll
0x000000006c300000 - 0x000000006c31a000 	C:\Program Files\Java\jdk1.8.0_121\jre\bin\net.dll
0x00007ff8d6410000 - 0x00007ff8d646c000 	C:\Windows\system32\mswsock.dll
0x000000006c2e0000 - 0x000000006c2f1000 	C:\Program Files\Java\jdk1.8.0_121\jre\bin\nio.dll
0x000000006c0a0000 - 0x000000006c0e2000 	C:\Program Files\Java\jdk1.8.0_121\jre\bin\t2k.dll
0x00007ff8b89c0000 - 0x00007ff8b8b6b000 	C:\Windows\System32\uiautomationcore.dll
0x00007ff8d62a0000 - 0x00007ff8d62bf000 	C:\Windows\System32\USERENV.dll
0x000000006c060000 - 0x000000006c08a000 	C:\Program Files\Java\jdk1.8.0_121\jre\bin\dcpr.dll
0x00007ff8d6980000 - 0x00007ff8d6a18000 	C:\Windows\SYSTEM32\sxs.dll
0x00007ff8c6c90000 - 0x00007ff8c6cf5000 	C:\Windows\System32\OLEACC.dll
0x00007ff8cb3b0000 - 0x00007ff8cb42d000 	C:\Windows\SYSTEM32\twinapi.dll
0x00007ff8d19f0000 - 0x00007ff8d1a4e000 	C:\Windows\system32\Ninput.dll
0x000000006bf40000 - 0x000000006c011000 	C:\Users\Wendy\AppData\Local\Temp\javacpp12024824751934\msvcr100.dll
0x000000006bea0000 - 0x000000006bf38000 	C:\Users\Wendy\AppData\Local\Temp\javacpp12024824751934\msvcp100.dll
0x0000000066840000 - 0x00000000676b4000 	C:\Users\Wendy\AppData\Local\Temp\javacpp12024824751934\opencv_ffmpeg248_64.dll
0x00007ff8bf500000 - 0x00007ff8bf772000 	C:\Users\Wendy\AppData\Local\Temp\javacpp12024824751934\opencv_core248.dll
0x00007ff8beed0000 - 0x00007ff8bf182000 	C:\Users\Wendy\AppData\Local\Temp\javacpp12024824751934\opencv_imgproc248.dll
0x00007ff8bec80000 - 0x00007ff8beecd000 	C:\Users\Wendy\AppData\Local\Temp\javacpp12024824751934\opencv_highgui248.dll
0x00007ff8d3dd0000 - 0x00007ff8d3df0000 	C:\Windows\SYSTEM32\AVIFIL32.dll
0x00007ff8d3d20000 - 0x00007ff8d3d49000 	C:\Windows\SYSTEM32\MSVFW32.dll
0x00007ff8d3790000 - 0x00007ff8d37a8000 	C:\Windows\SYSTEM32\AVICAP32.dll
0x00007ff8d1870000 - 0x00007ff8d188c000 	C:\Windows\SYSTEM32\MSACM32.dll
0x00007ff8d1f70000 - 0x00007ff8d1f83000 	C:\Users\Wendy\AppData\Local\Temp\javacpp12024824751934\jniopencv_highgui.dll
0x00007ff8d0910000 - 0x00007ff8d0928000 	C:\Windows\System32\devenum.dll
0x00007ff8d9c40000 - 0x00007ff8da069000 	C:\Windows\System32\setupapi.dll
0x00007ff8d5ef0000 - 0x00007ff8d5f22000 	C:\Windows\SYSTEM32\ntmarta.dll
0x00007ff8d5740000 - 0x00007ff8d5768000 	C:\Windows\SYSTEM32\DEVOBJ.dll
0x00007ff8d7a70000 - 0x00007ff8d7ac5000 	C:\Windows\System32\WINTRUST.dll
0x00007ff8d6b40000 - 0x00007ff8d6b50000 	C:\Windows\System32\MSASN1.dll
0x00007ff8d6f80000 - 0x00007ff8d7148000 	C:\Windows\System32\CRYPT32.dll
0x00007ff8d1860000 - 0x00007ff8d186a000 	C:\Windows\SYSTEM32\msdmo.dll
0x00007ff8ce380000 - 0x00007ff8ce3b3000 	C:\Windows\System32\qcap.dll
0x00007ff8c5ee0000 - 0x00007ff8c60a3000 	C:\Windows\System32\quartz.dll
0x00007ff8cddf0000 - 0x00007ff8cde38000 	C:\Windows\System32\mfksproxy.dll
0x00007ff8cd2d0000 - 0x00007ff8cd2ec000 	C:\Windows\System32\ATL.DLL
0x00007ff8b8270000 - 0x00007ff8b83d8000 	C:\Windows\System32\MFPlat.DLL
0x00007ff8d42d0000 - 0x00007ff8d42fe000 	C:\Windows\System32\RTWorkQ.DLL
0x00007ff8b63f0000 - 0x00007ff8b67db000 	C:\Windows\System32\MFCORE.dll
0x00007ff8d3e50000 - 0x00007ff8d3e59000 	C:\Windows\System32\ksuser.dll
0x00007ff8d65b0000 - 0x00007ff8d65bb000 	C:\Windows\System32\CRYPTBASE.DLL
0x00007ff8cb1f0000 - 0x00007ff8cb242000 	C:\Windows\System32\FSClient.dll
0x00007ff8b4bb0000 - 0x00007ff8b4bfd000 	C:\Windows\System32\MFSENSORGROUP.dll
0x00007ff8d4bb0000 - 0x00007ff8d4bbb000 	C:\Windows\System32\AVRT.dll
0x00007ff8d3fc0000 - 0x00007ff8d3fcd000 	C:\Windows\System32\vidcap.ax
0x00007ff8d08e0000 - 0x00007ff8d0905000 	C:\Windows\System32\kswdmcap.ax
0x00007ff8c3ba0000 - 0x00007ff8c3d03000 	C:\Windows\System32\MFC42.dll
0x00007ff8c6fb0000 - 0x00007ff8c705f000 	C:\Windows\System32\ODBC32.dll
0x00007ff8d6060000 - 0x00007ff8d606a000 	C:\Windows\System32\DPAPI.dll
0x00007ff8d0c40000 - 0x00007ff8d0c83000 	C:\Windows\SYSTEM32\policymanager.dll
0x00007ff8d4650000 - 0x00007ff8d46e1000 	C:\Windows\System32\msvcp110_win.dll
0x00007ff8c1e00000 - 0x00007ff8c1ed4000 	C:\Windows\System32\MFReadWrite.dll
0x00007ff8c5980000 - 0x00007ff8c5a23000 	C:\Windows\System32\qedit.dll
0x00007ff8da070000 - 0x00007ff8da16a000 	C:\Windows\System32\COMDLG32.dll
0x00007ff8c7060000 - 0x00007ff8c71f9000 	C:\Windows\WinSxS\amd64_microsoft.windows.gdiplus_6595b64144ccf1df_1.1.14393.0_none_acd6c01ad1498de0\gdiplus.dll
0x00007ff8d3780000 - 0x00007ff8d378c000 	C:\Windows\SYSTEM32\msyuv.dll
0x00007ff8c4270000 - 0x00007ff8c430a000 	C:\Users\Wendy\AppData\Local\Temp\javacpp12024824751934\jniopencv_core.dll
0x00007ff8d65c0000 - 0x00007ff8d65d7000 	C:\Windows\SYSTEM32\CRYPTSP.dll
0x00007ff8d6020000 - 0x00007ff8d6053000 	C:\Windows\system32\rsaenh.dll
0x00007ff8d61a0000 - 0x00007ff8d61d8000 	C:\Windows\SYSTEM32\IPHLPAPI.DLL
0x00007ff8d9a60000 - 0x00007ff8d9a68000 	C:\Windows\System32\NSI.dll
0x00007ff8d0150000 - 0x00007ff8d0166000 	C:\Windows\SYSTEM32\dhcpcsvc6.DLL
0x00007ff8d1070000 - 0x00007ff8d108a000 	C:\Windows\SYSTEM32\dhcpcsvc.DLL
0x000000006be60000 - 0x000000006be91000 	C:\Program Files\Java\jdk1.8.0_121\jre\bin\jpeg.dll
0x00007ff8d24a0000 - 0x00007ff8d2632000 	C:\Windows\SYSTEM32\dbghelp.dll

VM Arguments:
jvm_args: -Dfile.encoding=UTF-8 
java_command: proyecto_final.Proyecto_Final
java_class_path (initial): C:\Users\Wendy\Desktop\ffmpeg-2.1.1-windows-x86.jar;C:\Users\Wendy\Desktop\ffmpeg-2.1.1-windows-x86_64.jar;C:\Users\Wendy\Desktop\javacpp.jar;C:\Users\Wendy\Desktop\javacv-windows-x86.jar;C:\Users\Wendy\Desktop\javacv-windows-x86_64.jar;C:\Users\Wendy\Desktop\javacv.jar;C:\Users\Wendy\Desktop\opencv-2.4.8-windows-x86.jar;C:\Users\Wendy\Desktop\opencv-2.4.8-windows-x86_64.jar;C:\Users\Wendy\Desktop\Proyecto_Final\build\classes
Launcher Type: SUN_STANDARD

Environment Variables:
PATH=C:\ProgramData\Oracle\Java\javapath;C:\Windows\system32;C:\Windows;C:\Windows\System32\Wbem;C:\Windows\System32\WindowsPowerShell\v1.0\;C:\Users\Wendy\AppData\Local\Microsoft\WindowsApps;
USERNAME=Wendy
OS=Windows_NT
PROCESSOR_IDENTIFIER=Intel64 Family 6 Model 76 Stepping 3, GenuineIntel



---------------  S Y S T E M  ---------------

OS: Windows 10.0 , 64 bit Build 14393 (10.0.14393.0)

CPU:total 2 (2 cores per cpu, 1 threads per core) family 6 model 76 stepping 3, cmov, cx8, fxsr, mmx, sse, sse2, sse3, ssse3, sse4.1, sse4.2, popcnt, aes, clmul, erms, 3dnowpref, tsc, tscinvbit

Memory: 4k page, physical 4048184k(1433024k free), swap 5489976k(2013528k free)

vm_info: Java HotSpot(TM) 64-Bit Server VM (25.121-b13) for windows-amd64 JRE (1.8.0_121-b13), built on Dec 12 2016 18:21:36 by "java_re" with MS VC++ 10.0 (VS2010)

time: Sat Apr 15 07:48:41 2017
elapsed time: 226 seconds (0d 0h 3m 46s)

